mode: set
github.com/lihongjie/workflow-go/instance/activity_instance.go:41.124,49.2 1 1
github.com/lihongjie/workflow-go/instance/activity_instance.go:52.40,56.2 3 1
github.com/lihongjie/workflow-go/instance/process_instance.go:32.86,35.17 3 1
github.com/lihongjie/workflow-go/instance/process_instance.go:35.17,37.3 1 1
github.com/lihongjie/workflow-go/instance/process_instance.go:38.2,44.3 1 1
github.com/lihongjie/workflow-go/instance/token.go:26.70,34.2 1 1
github.com/lihongjie/workflow-go/spec/elements.go:10.44,10.59 1 1
github.com/lihongjie/workflow-go/spec/elements.go:11.44,11.61 1 1
github.com/lihongjie/workflow-go/spec/elements.go:12.44,12.76 1 1
github.com/lihongjie/workflow-go/spec/elements.go:21.42,21.57 1 1
github.com/lihongjie/workflow-go/spec/elements.go:22.42,22.59 1 1
github.com/lihongjie/workflow-go/spec/elements.go:23.42,23.72 1 1
github.com/lihongjie/workflow-go/spec/elements.go:49.42,49.57 1 1
github.com/lihongjie/workflow-go/spec/elements.go:50.42,50.59 1 1
github.com/lihongjie/workflow-go/spec/elements.go:51.42,51.72 1 1
github.com/lihongjie/workflow-go/spec/elements.go:61.45,61.60 1 1
github.com/lihongjie/workflow-go/spec/elements.go:62.45,62.62 1 1
github.com/lihongjie/workflow-go/spec/elements.go:63.45,63.78 1 1
github.com/lihongjie/workflow-go/spec/elements.go:73.47,73.63 1 1
github.com/lihongjie/workflow-go/spec/elements.go:74.47,74.65 1 1
github.com/lihongjie/workflow-go/spec/elements.go:75.47,75.81 1 1
github.com/lihongjie/workflow-go/spec/elements.go:108.48,108.64 1 1
github.com/lihongjie/workflow-go/spec/elements.go:109.48,109.66 1 1
github.com/lihongjie/workflow-go/spec/elements.go:110.48,110.83 1 1
github.com/lihongjie/workflow-go/spec/elements.go:121.58,121.75 1 1
github.com/lihongjie/workflow-go/spec/elements.go:122.58,122.77 1 1
github.com/lihongjie/workflow-go/spec/elements.go:123.58,123.102 1 1
github.com/lihongjie/workflow-go/spec/elements.go:133.58,133.75 1 1
github.com/lihongjie/workflow-go/spec/elements.go:134.58,134.77 1 1
github.com/lihongjie/workflow-go/spec/elements.go:135.58,135.102 1 1
github.com/lihongjie/workflow-go/spec/gateways.go:13.50,13.65 1 1
github.com/lihongjie/workflow-go/spec/gateways.go:14.50,14.67 1 1
github.com/lihongjie/workflow-go/spec/gateways.go:15.50,15.88 1 1
github.com/lihongjie/workflow-go/spec/gateways.go:27.49,27.64 1 1
github.com/lihongjie/workflow-go/spec/gateways.go:28.49,28.66 1 1
github.com/lihongjie/workflow-go/spec/gateways.go:29.49,29.86 1 1
github.com/lihongjie/workflow-go/spec/gateways.go:42.50,42.65 1 1
github.com/lihongjie/workflow-go/spec/gateways.go:43.50,43.67 1 1
github.com/lihongjie/workflow-go/spec/gateways.go:44.50,44.88 1 1
github.com/lihongjie/workflow-go/spec/sequence_flow.go:15.45,17.2 1 1
github.com/lihongjie/workflow-go/spec/spec.go:76.60,84.33 4 1
github.com/lihongjie/workflow-go/spec/spec.go:84.33,86.25 2 1
github.com/lihongjie/workflow-go/spec/spec.go:87.26,88.39 1 1
github.com/lihongjie/workflow-go/spec/spec.go:89.26,90.39 1 1
github.com/lihongjie/workflow-go/spec/spec.go:91.18,96.51 5 1
github.com/lihongjie/workflow-go/spec/spec.go:97.21,98.28 1 1
github.com/lihongjie/workflow-go/spec/spec.go:99.23,104.47 5 1
github.com/lihongjie/workflow-go/spec/spec.go:105.32,108.47 3 1
github.com/lihongjie/workflow-go/spec/spec.go:109.32,111.47 2 1
github.com/lihongjie/workflow-go/spec/spec.go:112.22,114.45 2 1
github.com/lihongjie/workflow-go/spec/spec.go:116.3,116.39 1 1
github.com/lihongjie/workflow-go/spec/spec.go:119.2,119.24 1 1
github.com/lihongjie/workflow-go/spec/spec.go:123.63,130.49 3 1
github.com/lihongjie/workflow-go/spec/spec.go:130.49,132.3 1 0
github.com/lihongjie/workflow-go/spec/spec.go:134.2,135.33 2 1
github.com/lihongjie/workflow-go/spec/spec.go:135.33,137.19 2 1
github.com/lihongjie/workflow-go/spec/spec.go:138.30,139.48 1 1
github.com/lihongjie/workflow-go/spec/spec.go:140.28,141.46 1 1
github.com/lihongjie/workflow-go/spec/spec.go:142.28,148.5 1 1
github.com/lihongjie/workflow-go/spec/spec.go:149.31,150.72 1 1
github.com/lihongjie/workflow-go/spec/spec.go:151.36,152.88 1 1
github.com/lihongjie/workflow-go/spec/spec.go:153.35,154.53 1 1
github.com/lihongjie/workflow-go/spec/spec.go:155.36,156.88 1 1
github.com/lihongjie/workflow-go/spec/spec.go:157.33,163.5 1 1
github.com/lihongjie/workflow-go/spec/spec.go:164.42,169.5 1 1
github.com/lihongjie/workflow-go/spec/spec.go:170.42,174.5 1 1
github.com/lihongjie/workflow-go/spec/spec.go:175.32,176.124 1 1
github.com/lihongjie/workflow-go/spec/spec.go:177.11,178.64 1 1
github.com/lihongjie/workflow-go/spec/spec.go:180.3,180.27 1 1
github.com/lihongjie/workflow-go/spec/spec.go:182.2,182.12 1 1
github.com/lihongjie/workflow-go/spec/spec.go:189.47,190.17 1 1
github.com/lihongjie/workflow-go/spec/spec.go:190.17,192.3 1 1
github.com/lihongjie/workflow-go/spec/spec.go:193.2,193.27 1 1
github.com/lihongjie/workflow-go/spec/spec.go:193.27,195.3 1 1
github.com/lihongjie/workflow-go/spec/spec.go:196.2,196.27 1 1
github.com/lihongjie/workflow-go/spec/spec.go:196.27,198.3 1 1
github.com/lihongjie/workflow-go/spec/spec.go:200.2,201.9 2 1
github.com/lihongjie/workflow-go/spec/spec.go:201.9,203.3 1 1
github.com/lihongjie/workflow-go/spec/spec.go:204.2,204.51 1 1
github.com/lihongjie/workflow-go/spec/spec.go:204.51,206.3 1 1
github.com/lihongjie/workflow-go/spec/spec.go:208.2,208.34 1 1
github.com/lihongjie/workflow-go/spec/spec.go:208.34,209.23 1 1
github.com/lihongjie/workflow-go/spec/spec.go:209.23,211.4 1 0
github.com/lihongjie/workflow-go/spec/spec.go:214.2,214.38 1 1
github.com/lihongjie/workflow-go/spec/spec.go:214.38,215.46 1 1
github.com/lihongjie/workflow-go/spec/spec.go:215.46,217.4 1 1
github.com/lihongjie/workflow-go/spec/spec.go:218.3,218.46 1 1
github.com/lihongjie/workflow-go/spec/spec.go:218.46,220.4 1 1
github.com/lihongjie/workflow-go/spec/spec.go:223.2,224.24 2 1
github.com/lihongjie/workflow-go/spec/spec.go:224.24,226.3 1 1
github.com/lihongjie/workflow-go/spec/spec.go:228.2,229.33 2 1
github.com/lihongjie/workflow-go/spec/spec.go:229.33,230.42 1 1
github.com/lihongjie/workflow-go/spec/spec.go:230.42,232.9 2 1
github.com/lihongjie/workflow-go/spec/spec.go:235.2,235.13 1 1
github.com/lihongjie/workflow-go/spec/spec.go:235.13,237.3 1 1
github.com/lihongjie/workflow-go/spec/spec.go:239.2,239.12 1 1
github.com/lihongjie/workflow-go/spec/spec.go:243.81,245.27 2 1
github.com/lihongjie/workflow-go/spec/spec.go:245.27,246.32 1 1
github.com/lihongjie/workflow-go/spec/spec.go:246.32,248.4 1 1
github.com/lihongjie/workflow-go/spec/spec.go:250.2,250.15 1 1
github.com/lihongjie/workflow-go/spec/spec.go:254.81,256.27 2 1
github.com/lihongjie/workflow-go/spec/spec.go:256.27,257.32 1 1
github.com/lihongjie/workflow-go/spec/spec.go:257.32,259.4 1 1
github.com/lihongjie/workflow-go/spec/spec.go:261.2,261.15 1 1
github.com/lihongjie/workflow-go/storage/memstore/mem_store.go:32.19,43.2 1 1
github.com/lihongjie/workflow-go/storage/memstore/mem_store.go:46.31,48.2 1 1
github.com/lihongjie/workflow-go/storage/memstore/mem_store.go:52.95,55.48 3 1
github.com/lihongjie/workflow-go/storage/memstore/mem_store.go:55.48,57.3 1 0
github.com/lihongjie/workflow-go/storage/memstore/mem_store.go:58.2,59.12 2 1
github.com/lihongjie/workflow-go/storage/memstore/mem_store.go:62.101,66.13 4 1
github.com/lihongjie/workflow-go/storage/memstore/mem_store.go:66.13,68.3 1 1
github.com/lihongjie/workflow-go/storage/memstore/mem_store.go:69.2,69.17 1 1
github.com/lihongjie/workflow-go/storage/memstore/mem_store.go:72.127,75.36 3 1
github.com/lihongjie/workflow-go/storage/memstore/mem_store.go:75.36,76.47 1 1
github.com/lihongjie/workflow-go/storage/memstore/mem_store.go:76.47,78.4 1 1
github.com/lihongjie/workflow-go/storage/memstore/mem_store.go:80.2,80.94 1 0
github.com/lihongjie/workflow-go/storage/memstore/mem_store.go:83.94,87.36 4 1
github.com/lihongjie/workflow-go/storage/memstore/mem_store.go:87.36,89.3 1 1
github.com/lihongjie/workflow-go/storage/memstore/mem_store.go:90.2,90.20 1 1
github.com/lihongjie/workflow-go/storage/memstore/mem_store.go:93.77,96.45 3 1
github.com/lihongjie/workflow-go/storage/memstore/mem_store.go:96.45,98.3 1 0
github.com/lihongjie/workflow-go/storage/memstore/mem_store.go:99.2,100.12 2 1
github.com/lihongjie/workflow-go/storage/memstore/mem_store.go:105.94,108.45 3 1
github.com/lihongjie/workflow-go/storage/memstore/mem_store.go:108.45,110.3 1 0
github.com/lihongjie/workflow-go/storage/memstore/mem_store.go:111.2,112.12 2 1
github.com/lihongjie/workflow-go/storage/memstore/mem_store.go:115.94,118.46 3 1
github.com/lihongjie/workflow-go/storage/memstore/mem_store.go:118.46,120.3 1 0
github.com/lihongjie/workflow-go/storage/memstore/mem_store.go:121.2,122.12 2 1
github.com/lihongjie/workflow-go/storage/memstore/mem_store.go:125.101,129.13 4 1
github.com/lihongjie/workflow-go/storage/memstore/mem_store.go:129.13,131.3 1 1
github.com/lihongjie/workflow-go/storage/memstore/mem_store.go:132.2,132.16 1 1
github.com/lihongjie/workflow-go/storage/memstore/mem_store.go:135.108,139.33 4 1
github.com/lihongjie/workflow-go/storage/memstore/mem_store.go:139.33,140.38 1 1
github.com/lihongjie/workflow-go/storage/memstore/mem_store.go:140.38,142.4 1 1
github.com/lihongjie/workflow-go/storage/memstore/mem_store.go:144.2,144.20 1 1
github.com/lihongjie/workflow-go/storage/memstore/mem_store.go:149.96,152.46 3 1
github.com/lihongjie/workflow-go/storage/memstore/mem_store.go:152.46,154.3 1 0
github.com/lihongjie/workflow-go/storage/memstore/mem_store.go:155.2,156.12 2 1
github.com/lihongjie/workflow-go/storage/memstore/mem_store.go:159.96,162.47 3 1
github.com/lihongjie/workflow-go/storage/memstore/mem_store.go:162.47,164.3 1 0
github.com/lihongjie/workflow-go/storage/memstore/mem_store.go:165.2,166.12 2 1
github.com/lihongjie/workflow-go/storage/memstore/mem_store.go:169.103,173.13 4 1
github.com/lihongjie/workflow-go/storage/memstore/mem_store.go:173.13,175.3 1 0
github.com/lihongjie/workflow-go/storage/memstore/mem_store.go:176.2,176.16 1 1
github.com/lihongjie/workflow-go/storage/memstore/mem_store.go:179.121,183.34 4 1
github.com/lihongjie/workflow-go/storage/memstore/mem_store.go:183.34,184.92 1 1
github.com/lihongjie/workflow-go/storage/memstore/mem_store.go:184.92,186.4 1 1
github.com/lihongjie/workflow-go/storage/memstore/mem_store.go:188.2,188.20 1 1
github.com/lihongjie/workflow-go/storage/memstore/mem_store.go:191.132,195.34 4 1
github.com/lihongjie/workflow-go/storage/memstore/mem_store.go:195.34,196.48 1 1
github.com/lihongjie/workflow-go/storage/memstore/mem_store.go:196.48,198.4 1 1
github.com/lihongjie/workflow-go/storage/memstore/mem_store.go:200.2,200.20 1 1
github.com/lihongjie/workflow-go/storage/memstore/mem_store.go:203.131,207.34 4 1
github.com/lihongjie/workflow-go/storage/memstore/mem_store.go:207.34,208.84 1 1
github.com/lihongjie/workflow-go/storage/memstore/mem_store.go:208.84,210.4 1 1
github.com/lihongjie/workflow-go/storage/memstore/mem_store.go:212.2,212.20 1 1
github.com/lihongjie/workflow-go/storage/memstore/mem_store.go:217.73,220.41 3 1
github.com/lihongjie/workflow-go/storage/memstore/mem_store.go:220.41,222.3 1 0
github.com/lihongjie/workflow-go/storage/memstore/mem_store.go:223.2,224.12 2 1
github.com/lihongjie/workflow-go/storage/memstore/mem_store.go:227.73,230.42 3 1
github.com/lihongjie/workflow-go/storage/memstore/mem_store.go:230.42,232.3 1 0
github.com/lihongjie/workflow-go/storage/memstore/mem_store.go:233.2,234.12 2 1
github.com/lihongjie/workflow-go/storage/memstore/mem_store.go:237.81,241.13 4 1
github.com/lihongjie/workflow-go/storage/memstore/mem_store.go:241.13,243.3 1 1
github.com/lihongjie/workflow-go/storage/memstore/mem_store.go:244.2,244.15 1 1
github.com/lihongjie/workflow-go/storage/memstore/mem_store.go:247.106,251.29 4 1
github.com/lihongjie/workflow-go/storage/memstore/mem_store.go:251.29,252.87 1 1
github.com/lihongjie/workflow-go/storage/memstore/mem_store.go:252.87,254.4 1 1
github.com/lihongjie/workflow-go/storage/memstore/mem_store.go:256.2,256.20 1 1
github.com/lihongjie/workflow-go/storage/memstore/mem_store.go:259.65,262.40 3 1
github.com/lihongjie/workflow-go/storage/memstore/mem_store.go:262.40,264.3 1 0
github.com/lihongjie/workflow-go/storage/memstore/mem_store.go:265.2,266.12 2 1
github.com/lihongjie/workflow-go/storage/memstore/mem_store.go:271.97,274.58 3 1
github.com/lihongjie/workflow-go/storage/memstore/mem_store.go:274.58,276.3 1 1
github.com/lihongjie/workflow-go/storage/memstore/mem_store.go:277.2,278.12 2 1
github.com/lihongjie/workflow-go/storage/memstore/mem_store.go:281.93,285.13 4 1
github.com/lihongjie/workflow-go/storage/memstore/mem_store.go:285.13,287.3 1 1
github.com/lihongjie/workflow-go/storage/memstore/mem_store.go:288.2,289.13 2 1
github.com/lihongjie/workflow-go/storage/memstore/mem_store.go:289.13,291.3 1 1
github.com/lihongjie/workflow-go/storage/memstore/mem_store.go:292.2,292.17 1 1
github.com/lihongjie/workflow-go/storage/memstore/mem_store.go:295.102,299.13 4 1
github.com/lihongjie/workflow-go/storage/memstore/mem_store.go:299.13,301.3 1 0
github.com/lihongjie/workflow-go/storage/memstore/mem_store.go:303.2,304.25 2 1
github.com/lihongjie/workflow-go/storage/memstore/mem_store.go:304.25,306.3 1 1
github.com/lihongjie/workflow-go/storage/memstore/mem_store.go:307.2,307.20 1 1
github.com/lihongjie/workflow-go/storage/memstore/mem_store.go:310.89,314.13 4 1
github.com/lihongjie/workflow-go/storage/memstore/mem_store.go:314.13,316.3 1 0
github.com/lihongjie/workflow-go/storage/memstore/mem_store.go:317.2,317.38 1 1
github.com/lihongjie/workflow-go/storage/memstore/mem_store.go:317.38,319.3 1 0
github.com/lihongjie/workflow-go/storage/memstore/mem_store.go:320.2,321.12 2 1
github.com/lihongjie/workflow-go/storage/memstore/mem_store.go:329.113,332.33 3 1
github.com/lihongjie/workflow-go/storage/memstore/mem_store.go:332.33,334.3 1 0
github.com/lihongjie/workflow-go/storage/memstore/mem_store.go:335.2,336.12 2 1
github.com/lihongjie/workflow-go/storage/memstore/mem_store.go:339.138,343.43 4 1
github.com/lihongjie/workflow-go/storage/memstore/mem_store.go:343.43,344.49 1 1
github.com/lihongjie/workflow-go/storage/memstore/mem_store.go:344.49,346.4 1 1
github.com/lihongjie/workflow-go/storage/memstore/mem_store.go:348.2,348.20 1 1
github.com/lihongjie/workflow-go/storage/memstore/mem_store.go:353.113,357.36 4 1
github.com/lihongjie/workflow-go/storage/memstore/mem_store.go:357.36,358.21 1 1
github.com/lihongjie/workflow-go/storage/memstore/mem_store.go:358.21,359.53 1 1
github.com/lihongjie/workflow-go/storage/memstore/mem_store.go:359.53,361.5 1 1
github.com/lihongjie/workflow-go/storage/memstore/mem_store.go:364.2,364.19 1 1
github.com/lihongjie/workflow-go/storage/memstore/mem_store.go:364.19,366.3 1 1
github.com/lihongjie/workflow-go/storage/memstore/mem_store.go:367.2,367.20 1 1
github.com/lihongjie/workflow-go/storage/memstore/mem_store.go:372.114,376.33 4 1
github.com/lihongjie/workflow-go/storage/memstore/mem_store.go:376.33,377.57 1 1
github.com/lihongjie/workflow-go/storage/memstore/mem_store.go:377.57,379.41 2 1
github.com/lihongjie/workflow-go/storage/memstore/mem_store.go:379.41,380.10 1 1
github.com/lihongjie/workflow-go/storage/memstore/mem_store.go:384.2,384.20 1 1
github.com/lihongjie/workflow-go/storage/memstore/mem_store.go:389.59,390.27 1 1
github.com/lihongjie/workflow-go/storage/memstore/mem_store.go:390.27,392.3 1 0
github.com/lihongjie/workflow-go/storage/memstore/mem_store.go:393.2,393.23 1 1
github.com/lihongjie/workflow-go/storage/memstore/mem_store.go:396.81,402.2 5 1
github.com/lihongjie/workflow-go/storage/memstore/mem_store.go:404.81,410.2 5 1
github.com/lihongjie/workflow-go/storage/memstore/mem_store.go:412.101,416.36 4 1
github.com/lihongjie/workflow-go/storage/memstore/mem_store.go:416.36,417.45 1 1
github.com/lihongjie/workflow-go/storage/memstore/mem_store.go:417.45,419.4 1 1
github.com/lihongjie/workflow-go/storage/memstore/mem_store.go:421.2,421.20 1 1
github.com/lihongjie/workflow-go/storage/memstore/mem_store.go:424.68,429.2 4 1
github.com/lihongjie/workflow-go/storage/memstore/mem_store.go:431.94,435.25 4 1
github.com/lihongjie/workflow-go/storage/memstore/mem_store.go:435.25,436.49 1 0
github.com/lihongjie/workflow-go/storage/memstore/mem_store.go:436.49,438.4 1 0
github.com/lihongjie/workflow-go/storage/memstore/mem_store.go:440.2,440.12 1 1
github.com/lihongjie/workflow-go/storage/memstore/mem_store.go:445.79,446.28 1 1
github.com/lihongjie/workflow-go/storage/memstore/mem_store.go:446.28,448.3 1 0
github.com/lihongjie/workflow-go/storage/memstore/mem_store.go:449.2,449.24 1 1
github.com/lihongjie/workflow-go/storage/memstore/mem_store.go:452.101,458.2 5 1
github.com/lihongjie/workflow-go/storage/memstore/mem_store.go:460.118,464.46 4 1
github.com/lihongjie/workflow-go/storage/memstore/mem_store.go:464.46,465.33 1 1
github.com/lihongjie/workflow-go/storage/memstore/mem_store.go:465.33,467.4 1 1
github.com/lihongjie/workflow-go/storage/memstore/mem_store.go:469.2,469.20 1 1
github.com/lihongjie/workflow-go/storage/memstore/mem_store.go:472.78,477.2 4 1
github.com/lihongjie/workflow-go/storage/memstore/mem_store.go:479.98,483.25 4 1
github.com/lihongjie/workflow-go/storage/memstore/mem_store.go:483.25,484.49 1 1
github.com/lihongjie/workflow-go/storage/memstore/mem_store.go:484.49,486.4 1 1
github.com/lihongjie/workflow-go/storage/memstore/mem_store.go:488.2,488.12 1 1
github.com/lihongjie/workflow-go/expr/expr.go:30.55,32.13 2 1
github.com/lihongjie/workflow-go/expr/expr.go:32.13,34.3 1 1
github.com/lihongjie/workflow-go/expr/expr.go:35.2,35.61 1 1
github.com/lihongjie/workflow-go/expr/expr.go:35.61,37.3 1 1
github.com/lihongjie/workflow-go/expr/expr.go:40.2,40.47 1 1
github.com/lihongjie/workflow-go/expr/expr.go:40.47,42.3 1 1
github.com/lihongjie/workflow-go/expr/expr.go:44.2,44.32 1 1
github.com/lihongjie/workflow-go/expr/expr.go:50.70,52.16 2 1
github.com/lihongjie/workflow-go/expr/expr.go:52.16,54.3 1 1
github.com/lihongjie/workflow-go/expr/expr.go:56.2,57.16 2 1
github.com/lihongjie/workflow-go/expr/expr.go:57.16,59.3 1 0
github.com/lihongjie/workflow-go/expr/expr.go:61.2,62.16 2 1
github.com/lihongjie/workflow-go/expr/expr.go:62.16,64.3 1 0
github.com/lihongjie/workflow-go/expr/expr.go:66.2,67.9 2 1
github.com/lihongjie/workflow-go/expr/expr.go:67.9,69.3 1 1
github.com/lihongjie/workflow-go/expr/expr.go:70.2,70.15 1 1
github.com/lihongjie/workflow-go/expr/expr.go:74.37,76.2 1 1
github.com/lihongjie/workflow-go/expr/expr.go:80.80,82.16 2 1
github.com/lihongjie/workflow-go/expr/expr.go:82.16,84.3 1 0
github.com/lihongjie/workflow-go/expr/expr.go:86.2,87.16 2 1
github.com/lihongjie/workflow-go/expr/expr.go:87.16,89.3 1 0
github.com/lihongjie/workflow-go/expr/expr.go:91.2,92.16 2 1
github.com/lihongjie/workflow-go/expr/expr.go:92.16,94.3 1 0
github.com/lihongjie/workflow-go/expr/expr.go:96.2,96.28 1 1
github.com/lihongjie/workflow-go/expr/expr.go:97.15,98.16 1 1
github.com/lihongjie/workflow-go/expr/expr.go:99.11,100.25 1 1
github.com/lihongjie/workflow-go/expr/expr.go:101.13,102.25 1 0
github.com/lihongjie/workflow-go/expr/expr.go:103.10,104.74 1 1
github.com/lihongjie/workflow-go/expr/expr.go:110.50,112.16 2 1
github.com/lihongjie/workflow-go/expr/expr.go:112.16,113.69 1 1
github.com/lihongjie/workflow-go/expr/expr.go:115.2,115.10 1 1
github.com/lihongjie/workflow-go/storage/storagetest/suite.go:23.55,24.52 1 0
github.com/lihongjie/workflow-go/storage/storagetest/suite.go:24.52,24.87 1 0
github.com/lihongjie/workflow-go/storage/storagetest/suite.go:25.2,25.50 1 0
github.com/lihongjie/workflow-go/storage/storagetest/suite.go:25.50,25.83 1 0
github.com/lihongjie/workflow-go/storage/storagetest/suite.go:26.2,26.51 1 0
github.com/lihongjie/workflow-go/storage/storagetest/suite.go:26.51,26.85 1 0
github.com/lihongjie/workflow-go/storage/storagetest/suite.go:27.2,27.40 1 0
github.com/lihongjie/workflow-go/storage/storagetest/suite.go:27.40,27.63 1 0
github.com/lihongjie/workflow-go/storage/storagetest/suite.go:28.2,28.40 1 0
github.com/lihongjie/workflow-go/storage/storagetest/suite.go:28.40,28.63 1 0
github.com/lihongjie/workflow-go/storage/storagetest/suite.go:31.63,49.60 3 0
github.com/lihongjie/workflow-go/storage/storagetest/suite.go:49.60,51.3 1 0
github.com/lihongjie/workflow-go/storage/storagetest/suite.go:54.2,55.16 2 0
github.com/lihongjie/workflow-go/storage/storagetest/suite.go:55.16,57.3 1 0
github.com/lihongjie/workflow-go/storage/storagetest/suite.go:58.2,58.52 1 0
github.com/lihongjie/workflow-go/storage/storagetest/suite.go:58.52,60.3 1 0
github.com/lihongjie/workflow-go/storage/storagetest/suite.go:63.2,64.16 2 0
github.com/lihongjie/workflow-go/storage/storagetest/suite.go:64.16,66.3 1 0
github.com/lihongjie/workflow-go/storage/storagetest/suite.go:67.2,67.22 1 0
github.com/lihongjie/workflow-go/storage/storagetest/suite.go:67.22,69.3 1 0
github.com/lihongjie/workflow-go/storage/storagetest/suite.go:72.2,73.16 2 0
github.com/lihongjie/workflow-go/storage/storagetest/suite.go:73.16,75.3 1 0
github.com/lihongjie/workflow-go/storage/storagetest/suite.go:76.2,76.20 1 0
github.com/lihongjie/workflow-go/storage/storagetest/suite.go:76.20,78.3 1 0
github.com/lihongjie/workflow-go/storage/storagetest/suite.go:81.2,81.63 1 0
github.com/lihongjie/workflow-go/storage/storagetest/suite.go:81.63,83.3 1 0
github.com/lihongjie/workflow-go/storage/storagetest/suite.go:84.2,85.16 2 0
github.com/lihongjie/workflow-go/storage/storagetest/suite.go:85.16,87.3 1 0
github.com/lihongjie/workflow-go/storage/storagetest/suite.go:90.2,91.16 2 0
github.com/lihongjie/workflow-go/storage/storagetest/suite.go:91.16,93.3 1 0
github.com/lihongjie/workflow-go/storage/storagetest/suite.go:96.61,101.57 3 0
github.com/lihongjie/workflow-go/storage/storagetest/suite.go:101.57,103.3 1 0
github.com/lihongjie/workflow-go/storage/storagetest/suite.go:106.2,107.16 2 0
github.com/lihongjie/workflow-go/storage/storagetest/suite.go:107.16,109.3 1 0
github.com/lihongjie/workflow-go/storage/storagetest/suite.go:110.2,110.55 1 0
github.com/lihongjie/workflow-go/storage/storagetest/suite.go:110.55,112.3 1 0
github.com/lihongjie/workflow-go/storage/storagetest/suite.go:113.2,113.37 1 0
github.com/lihongjie/workflow-go/storage/storagetest/suite.go:113.37,115.3 1 0
github.com/lihongjie/workflow-go/storage/storagetest/suite.go:118.2,121.57 4 0
github.com/lihongjie/workflow-go/storage/storagetest/suite.go:121.57,123.3 1 0
github.com/lihongjie/workflow-go/storage/storagetest/suite.go:124.2,125.16 2 0
github.com/lihongjie/workflow-go/storage/storagetest/suite.go:125.16,127.3 1 0
github.com/lihongjie/workflow-go/storage/storagetest/suite.go:128.2,128.57 1 0
github.com/lihongjie/workflow-go/storage/storagetest/suite.go:128.57,130.3 1 0
github.com/lihongjie/workflow-go/storage/storagetest/suite.go:131.2,131.24 1 0
github.com/lihongjie/workflow-go/storage/storagetest/suite.go:131.24,133.3 1 0
github.com/lihongjie/workflow-go/storage/storagetest/suite.go:136.2,137.16 2 0
github.com/lihongjie/workflow-go/storage/storagetest/suite.go:137.16,139.3 1 0
github.com/lihongjie/workflow-go/storage/storagetest/suite.go:140.2,140.20 1 0
github.com/lihongjie/workflow-go/storage/storagetest/suite.go:140.20,142.3 1 0
github.com/lihongjie/workflow-go/storage/storagetest/suite.go:145.2,146.16 2 0
github.com/lihongjie/workflow-go/storage/storagetest/suite.go:146.16,148.3 1 0
github.com/lihongjie/workflow-go/storage/storagetest/suite.go:151.62,155.57 3 0
github.com/lihongjie/workflow-go/storage/storagetest/suite.go:155.57,157.3 1 0
github.com/lihongjie/workflow-go/storage/storagetest/suite.go:159.2,162.58 2 0
github.com/lihongjie/workflow-go/storage/storagetest/suite.go:162.58,164.3 1 0
github.com/lihongjie/workflow-go/storage/storagetest/suite.go:167.2,168.16 2 0
github.com/lihongjie/workflow-go/storage/storagetest/suite.go:168.16,170.3 1 0
github.com/lihongjie/workflow-go/storage/storagetest/suite.go:171.2,171.47 1 0
github.com/lihongjie/workflow-go/storage/storagetest/suite.go:171.47,173.3 1 0
github.com/lihongjie/workflow-go/storage/storagetest/suite.go:176.2,177.58 2 0
github.com/lihongjie/workflow-go/storage/storagetest/suite.go:177.58,179.3 1 0
github.com/lihongjie/workflow-go/storage/storagetest/suite.go:180.2,181.16 2 0
github.com/lihongjie/workflow-go/storage/storagetest/suite.go:181.16,183.3 1 0
github.com/lihongjie/workflow-go/storage/storagetest/suite.go:184.2,184.50 1 0
github.com/lihongjie/workflow-go/storage/storagetest/suite.go:184.50,186.3 1 0
github.com/lihongjie/workflow-go/storage/storagetest/suite.go:189.2,190.59 2 0
github.com/lihongjie/workflow-go/storage/storagetest/suite.go:190.59,192.3 1 0
github.com/lihongjie/workflow-go/storage/storagetest/suite.go:193.2,194.16 2 0
github.com/lihongjie/workflow-go/storage/storagetest/suite.go:194.16,196.3 1 0
github.com/lihongjie/workflow-go/storage/storagetest/suite.go:197.2,197.22 1 0
github.com/lihongjie/workflow-go/storage/storagetest/suite.go:197.22,199.3 1 0
github.com/lihongjie/workflow-go/storage/storagetest/suite.go:202.2,203.16 2 0
github.com/lihongjie/workflow-go/storage/storagetest/suite.go:203.16,205.3 1 0
github.com/lihongjie/workflow-go/storage/storagetest/suite.go:206.2,206.19 1 0
github.com/lihongjie/workflow-go/storage/storagetest/suite.go:206.19,208.3 1 0
github.com/lihongjie/workflow-go/storage/storagetest/suite.go:211.51,214.57 3 0
github.com/lihongjie/workflow-go/storage/storagetest/suite.go:214.57,216.3 1 0
github.com/lihongjie/workflow-go/storage/storagetest/suite.go:218.2,221.48 2 0
github.com/lihongjie/workflow-go/storage/storagetest/suite.go:221.48,223.3 1 0
github.com/lihongjie/workflow-go/storage/storagetest/suite.go:226.2,227.16 2 0
github.com/lihongjie/workflow-go/storage/storagetest/suite.go:227.16,229.3 1 0
github.com/lihongjie/workflow-go/storage/storagetest/suite.go:230.2,230.44 1 0
github.com/lihongjie/workflow-go/storage/storagetest/suite.go:230.44,232.3 1 0
github.com/lihongjie/workflow-go/storage/storagetest/suite.go:233.2,233.38 1 0
github.com/lihongjie/workflow-go/storage/storagetest/suite.go:233.38,235.3 1 0
github.com/lihongjie/workflow-go/storage/storagetest/suite.go:238.2,239.48 2 0
github.com/lihongjie/workflow-go/storage/storagetest/suite.go:239.48,241.3 1 0
github.com/lihongjie/workflow-go/storage/storagetest/suite.go:242.2,243.16 2 0
github.com/lihongjie/workflow-go/storage/storagetest/suite.go:243.16,245.3 1 0
github.com/lihongjie/workflow-go/storage/storagetest/suite.go:246.2,246.46 1 0
github.com/lihongjie/workflow-go/storage/storagetest/suite.go:246.46,248.3 1 0
github.com/lihongjie/workflow-go/storage/storagetest/suite.go:251.2,252.49 2 0
github.com/lihongjie/workflow-go/storage/storagetest/suite.go:252.49,254.3 1 0
github.com/lihongjie/workflow-go/storage/storagetest/suite.go:255.2,256.16 2 0
github.com/lihongjie/workflow-go/storage/storagetest/suite.go:256.16,258.3 1 0
github.com/lihongjie/workflow-go/storage/storagetest/suite.go:259.2,259.22 1 0
github.com/lihongjie/workflow-go/storage/storagetest/suite.go:259.22,261.3 1 0
github.com/lihongjie/workflow-go/storage/storagetest/suite.go:264.2,264.49 1 0
github.com/lihongjie/workflow-go/storage/storagetest/suite.go:264.49,266.3 1 0
github.com/lihongjie/workflow-go/storage/storagetest/suite.go:267.2,268.16 2 0
github.com/lihongjie/workflow-go/storage/storagetest/suite.go:268.16,270.3 1 0
github.com/lihongjie/workflow-go/storage/storagetest/suite.go:273.51,278.65 3 0
github.com/lihongjie/workflow-go/storage/storagetest/suite.go:278.65,280.3 1 0
github.com/lihongjie/workflow-go/storage/storagetest/suite.go:281.2,281.62 1 0
github.com/lihongjie/workflow-go/storage/storagetest/suite.go:281.62,283.3 1 0
github.com/lihongjie/workflow-go/storage/storagetest/suite.go:284.2,284.66 1 0
github.com/lihongjie/workflow-go/storage/storagetest/suite.go:284.66,286.3 1 0
github.com/lihongjie/workflow-go/storage/storagetest/suite.go:289.2,290.16 2 0
github.com/lihongjie/workflow-go/storage/storagetest/suite.go:290.16,292.3 1 0
github.com/lihongjie/workflow-go/storage/storagetest/suite.go:293.2,293.19 1 0
github.com/lihongjie/workflow-go/storage/storagetest/suite.go:293.19,295.3 1 0
github.com/lihongjie/workflow-go/storage/storagetest/suite.go:298.2,299.16 2 0
github.com/lihongjie/workflow-go/storage/storagetest/suite.go:299.16,301.3 1 0
github.com/lihongjie/workflow-go/storage/storagetest/suite.go:302.2,302.20 1 0
github.com/lihongjie/workflow-go/storage/storagetest/suite.go:302.20,304.3 1 0
github.com/lihongjie/workflow-go/storage/storagetest/suite.go:305.2,305.57 1 0
github.com/lihongjie/workflow-go/storage/storagetest/suite.go:305.57,307.3 1 0
github.com/lihongjie/workflow-go/storage/storagetest/suite.go:310.2,310.60 1 0
github.com/lihongjie/workflow-go/storage/storagetest/suite.go:310.60,312.3 1 0
github.com/lihongjie/workflow-go/storage/storagetest/suite.go:313.2,314.16 2 0
github.com/lihongjie/workflow-go/storage/storagetest/suite.go:314.16,316.3 1 0
github.com/lihongjie/workflow-go/storage/storagetest/suite.go:319.2,320.16 2 0
github.com/lihongjie/workflow-go/storage/storagetest/suite.go:320.16,322.3 1 0
github.com/lihongjie/workflow-go/storage/storagetest/suite.go:323.2,323.20 1 0
github.com/lihongjie/workflow-go/storage/storagetest/suite.go:323.20,325.3 1 0
github.com/lihongjie/workflow-go/storage/storagetest/suite.go:328.2,329.16 2 0
github.com/lihongjie/workflow-go/storage/storagetest/suite.go:329.16,331.3 1 0
github.com/lihongjie/workflow-go/engine/add_sign.go:11.165,12.28 1 1
github.com/lihongjie/workflow-go/engine/add_sign.go:12.28,12.42 1 0
github.com/lihongjie/workflow-go/engine/add_sign.go:13.2,14.16 2 1
github.com/lihongjie/workflow-go/engine/add_sign.go:14.16,14.77 1 0
github.com/lihongjie/workflow-go/engine/add_sign.go:15.2,16.16 2 1
github.com/lihongjie/workflow-go/engine/add_sign.go:16.16,16.30 1 0
github.com/lihongjie/workflow-go/engine/add_sign.go:17.2,18.18 2 1
github.com/lihongjie/workflow-go/engine/add_sign.go:18.18,18.32 1 0
github.com/lihongjie/workflow-go/engine/add_sign.go:19.2,22.31 4 1
github.com/lihongjie/workflow-go/engine/add_sign.go:22.31,23.57 1 1
github.com/lihongjie/workflow-go/engine/add_sign.go:23.57,24.41 1 1
github.com/lihongjie/workflow-go/engine/add_sign.go:24.41,24.57 1 1
github.com/lihongjie/workflow-go/engine/add_sign.go:27.2,32.15 6 1
github.com/lihongjie/workflow-go/engine/add_sign.go:32.15,32.29 1 1
github.com/lihongjie/workflow-go/engine/add_sign.go:33.2,34.28 2 1
github.com/lihongjie/workflow-go/engine/add_sign.go:34.28,35.80 1 1
github.com/lihongjie/workflow-go/engine/add_sign.go:35.80,37.4 2 1
github.com/lihongjie/workflow-go/engine/add_sign.go:39.2,41.29 3 1
github.com/lihongjie/workflow-go/engine/add_sign.go:41.29,42.50 1 1
github.com/lihongjie/workflow-go/engine/add_sign.go:42.50,42.85 1 1
github.com/lihongjie/workflow-go/engine/add_sign.go:46.2,47.55 2 1
github.com/lihongjie/workflow-go/engine/add_sign.go:47.55,49.3 1 1
github.com/lihongjie/workflow-go/engine/add_sign.go:50.2,50.25 1 1
github.com/lihongjie/workflow-go/engine/add_sign.go:50.25,50.89 2 1
github.com/lihongjie/workflow-go/engine/add_sign.go:51.2,51.22 1 1
github.com/lihongjie/workflow-go/engine/add_sign.go:51.22,52.56 1 1
github.com/lihongjie/workflow-go/engine/add_sign.go:52.56,52.101 1 1
github.com/lihongjie/workflow-go/engine/add_sign.go:54.2,54.55 1 1
github.com/lihongjie/workflow-go/engine/add_sign.go:54.55,56.55 2 1
github.com/lihongjie/workflow-go/engine/add_sign.go:56.55,56.69 1 0
github.com/lihongjie/workflow-go/engine/add_sign.go:57.3,57.57 1 1
github.com/lihongjie/workflow-go/engine/add_sign.go:59.2,59.12 1 1
github.com/lihongjie/workflow-go/engine/add_sign.go:62.126,64.16 2 1
github.com/lihongjie/workflow-go/engine/add_sign.go:64.16,64.32 1 0
github.com/lihongjie/workflow-go/engine/add_sign.go:65.2,65.25 1 1
github.com/lihongjie/workflow-go/engine/add_sign.go:65.25,66.31 1 1
github.com/lihongjie/workflow-go/engine/add_sign.go:66.31,66.46 1 1
github.com/lihongjie/workflow-go/engine/add_sign.go:68.2,68.14 1 1
github.com/lihongjie/workflow-go/engine/add_sign.go:71.62,72.25 1 1
github.com/lihongjie/workflow-go/engine/add_sign.go:72.25,73.46 1 1
github.com/lihongjie/workflow-go/engine/add_sign.go:73.46,74.52 1 1
github.com/lihongjie/workflow-go/engine/add_sign.go:74.52,74.75 1 1
github.com/lihongjie/workflow-go/engine/add_sign.go:77.2,77.11 1 0
github.com/lihongjie/workflow-go/engine/call_activity.go:13.149,16.16 2 1
github.com/lihongjie/workflow-go/engine/call_activity.go:16.16,18.3 1 1
github.com/lihongjie/workflow-go/engine/call_activity.go:21.2,22.25 2 1
github.com/lihongjie/workflow-go/engine/call_activity.go:22.25,24.17 2 1
github.com/lihongjie/workflow-go/engine/call_activity.go:24.17,26.4 1 0
github.com/lihongjie/workflow-go/engine/call_activity.go:27.3,27.26 1 1
github.com/lihongjie/workflow-go/engine/call_activity.go:27.26,29.4 1 1
github.com/lihongjie/workflow-go/engine/call_activity.go:32.2,36.68 4 1
github.com/lihongjie/workflow-go/engine/call_activity.go:36.68,38.3 1 0
github.com/lihongjie/workflow-go/engine/call_activity.go:39.2,39.30 1 1
github.com/lihongjie/workflow-go/engine/call_activity.go:39.30,40.68 1 1
github.com/lihongjie/workflow-go/engine/call_activity.go:40.68,42.4 1 0
github.com/lihongjie/workflow-go/engine/call_activity.go:46.2,47.64 2 1
github.com/lihongjie/workflow-go/engine/call_activity.go:47.64,49.3 1 0
github.com/lihongjie/workflow-go/engine/call_activity.go:52.2,53.54 2 1
github.com/lihongjie/workflow-go/engine/call_activity.go:53.54,55.3 1 0
github.com/lihongjie/workflow-go/engine/call_activity.go:58.2,58.61 1 1
github.com/lihongjie/workflow-go/engine/call_activity.go:58.61,60.3 1 0
github.com/lihongjie/workflow-go/engine/call_activity.go:62.2,62.12 1 1
github.com/lihongjie/workflow-go/engine/call_activity.go:67.100,68.67 1 1
github.com/lihongjie/workflow-go/engine/call_activity.go:68.67,70.3 1 1
github.com/lihongjie/workflow-go/engine/call_activity.go:73.2,74.16 2 1
github.com/lihongjie/workflow-go/engine/call_activity.go:74.16,76.3 1 0
github.com/lihongjie/workflow-go/engine/call_activity.go:78.2,79.35 2 1
github.com/lihongjie/workflow-go/engine/call_activity.go:79.35,80.50 1 1
github.com/lihongjie/workflow-go/engine/call_activity.go:80.50,82.9 2 1
github.com/lihongjie/workflow-go/engine/call_activity.go:85.2,85.24 1 1
github.com/lihongjie/workflow-go/engine/call_activity.go:85.24,87.3 1 0
github.com/lihongjie/workflow-go/engine/call_activity.go:90.2,91.62 2 1
github.com/lihongjie/workflow-go/engine/call_activity.go:91.62,93.3 1 0
github.com/lihongjie/workflow-go/engine/call_activity.go:96.2,97.16 2 1
github.com/lihongjie/workflow-go/engine/call_activity.go:97.16,99.3 1 0
github.com/lihongjie/workflow-go/engine/call_activity.go:100.2,100.32 1 1
github.com/lihongjie/workflow-go/engine/call_activity.go:100.32,101.87 1 1
github.com/lihongjie/workflow-go/engine/call_activity.go:101.87,103.66 2 1
github.com/lihongjie/workflow-go/engine/call_activity.go:103.66,105.5 1 0
github.com/lihongjie/workflow-go/engine/call_activity.go:110.2,110.77 1 1
github.com/lihongjie/workflow-go/engine/delegate.go:12.110,14.16 2 1
github.com/lihongjie/workflow-go/engine/delegate.go:14.16,16.3 1 0
github.com/lihongjie/workflow-go/engine/delegate.go:17.2,17.46 1 1
github.com/lihongjie/workflow-go/engine/delegate.go:17.46,19.3 1 1
github.com/lihongjie/workflow-go/engine/delegate.go:20.2,20.49 1 1
github.com/lihongjie/workflow-go/engine/delegate.go:20.49,22.3 1 0
github.com/lihongjie/workflow-go/engine/delegate.go:25.2,30.48 4 1
github.com/lihongjie/workflow-go/engine/delegate.go:35.133,37.16 2 1
github.com/lihongjie/workflow-go/engine/delegate.go:37.16,39.3 1 0
github.com/lihongjie/workflow-go/engine/delegate.go:40.2,45.30 5 1
github.com/lihongjie/workflow-go/engine/delegate.go:45.30,47.3 1 1
github.com/lihongjie/workflow-go/engine/delegate.go:50.2,51.16 2 1
github.com/lihongjie/workflow-go/engine/delegate.go:51.16,53.3 1 0
github.com/lihongjie/workflow-go/engine/delegate.go:55.2,58.64 4 1
github.com/lihongjie/workflow-go/engine/delegate.go:58.64,60.17 2 1
github.com/lihongjie/workflow-go/engine/delegate.go:60.17,62.4 1 1
github.com/lihongjie/workflow-go/engine/delegate.go:64.2,64.67 1 1
github.com/lihongjie/workflow-go/engine/delegate.go:64.67,66.3 1 0
github.com/lihongjie/workflow-go/engine/delegate.go:68.2,69.57 2 1
github.com/lihongjie/workflow-go/engine/delegate.go:69.57,72.3 1 0
github.com/lihongjie/workflow-go/engine/delegate.go:75.2,77.13 2 1
github.com/lihongjie/workflow-go/engine/deployment.go:18.67,20.2 1 1
github.com/lihongjie/workflow-go/engine/deployment.go:25.137,26.19 1 1
github.com/lihongjie/workflow-go/engine/deployment.go:26.19,28.3 1 1
github.com/lihongjie/workflow-go/engine/deployment.go:31.2,32.35 2 1
github.com/lihongjie/workflow-go/engine/deployment.go:32.35,34.3 1 1
github.com/lihongjie/workflow-go/engine/deployment.go:34.8,34.48 1 1
github.com/lihongjie/workflow-go/engine/deployment.go:34.48,36.3 1 1
github.com/lihongjie/workflow-go/engine/deployment.go:36.8,36.23 1 0
github.com/lihongjie/workflow-go/engine/deployment.go:36.23,38.3 1 0
github.com/lihongjie/workflow-go/engine/deployment.go:38.8,40.3 1 0
github.com/lihongjie/workflow-go/engine/deployment.go:42.2,44.67 2 1
github.com/lihongjie/workflow-go/engine/deployment.go:44.67,46.3 1 0
github.com/lihongjie/workflow-go/engine/deployment.go:48.2,48.17 1 1
github.com/lihongjie/workflow-go/engine/deployment.go:52.118,54.2 1 1
github.com/lihongjie/workflow-go/engine/deployment.go:57.110,59.2 1 1
github.com/lihongjie/workflow-go/engine/engine.go:26.81,28.27 2 1
github.com/lihongjie/workflow-go/engine/engine.go:28.27,30.3 1 1
github.com/lihongjie/workflow-go/engine/engine.go:31.2,31.10 1 1
github.com/lihongjie/workflow-go/engine/engine.go:34.142,36.16 2 1
github.com/lihongjie/workflow-go/engine/engine.go:36.16,38.3 1 1
github.com/lihongjie/workflow-go/engine/engine.go:39.2,39.39 1 1
github.com/lihongjie/workflow-go/engine/engine.go:39.39,41.3 1 0
github.com/lihongjie/workflow-go/engine/engine.go:42.2,42.22 1 1
github.com/lihongjie/workflow-go/engine/engine.go:42.22,44.3 1 1
github.com/lihongjie/workflow-go/engine/engine.go:45.2,46.63 2 1
github.com/lihongjie/workflow-go/engine/engine.go:46.63,48.3 1 0
github.com/lihongjie/workflow-go/engine/engine.go:49.2,49.30 1 1
github.com/lihongjie/workflow-go/engine/engine.go:49.30,50.63 1 1
github.com/lihongjie/workflow-go/engine/engine.go:50.63,52.4 1 0
github.com/lihongjie/workflow-go/engine/engine.go:54.2,55.50 2 1
github.com/lihongjie/workflow-go/engine/engine.go:55.50,57.3 1 1
github.com/lihongjie/workflow-go/engine/engine.go:58.2,58.16 1 1
github.com/lihongjie/workflow-go/engine/engine.go:61.118,63.16 2 1
github.com/lihongjie/workflow-go/engine/engine.go:63.16,65.3 1 1
github.com/lihongjie/workflow-go/engine/engine.go:66.2,66.46 1 1
github.com/lihongjie/workflow-go/engine/engine.go:66.46,68.3 1 1
github.com/lihongjie/workflow-go/engine/engine.go:69.2,69.49 1 1
github.com/lihongjie/workflow-go/engine/engine.go:69.49,71.3 1 0
github.com/lihongjie/workflow-go/engine/engine.go:72.2,73.64 2 1
github.com/lihongjie/workflow-go/engine/engine.go:73.64,75.3 1 0
github.com/lihongjie/workflow-go/engine/engine.go:76.2,79.24 2 1
github.com/lihongjie/workflow-go/engine/engine.go:79.24,81.17 2 1
github.com/lihongjie/workflow-go/engine/engine.go:81.17,83.4 1 0
github.com/lihongjie/workflow-go/engine/engine.go:84.3,84.26 1 1
github.com/lihongjie/workflow-go/engine/engine.go:84.26,86.4 1 0
github.com/lihongjie/workflow-go/engine/engine.go:87.3,87.31 1 1
github.com/lihongjie/workflow-go/engine/engine.go:87.31,89.64 2 1
github.com/lihongjie/workflow-go/engine/engine.go:89.64,91.5 1 0
github.com/lihongjie/workflow-go/engine/engine.go:93.3,93.64 1 1
github.com/lihongjie/workflow-go/engine/engine.go:93.64,95.4 1 0
github.com/lihongjie/workflow-go/engine/engine.go:98.2,101.28 2 1
github.com/lihongjie/workflow-go/engine/engine.go:101.28,103.17 2 1
github.com/lihongjie/workflow-go/engine/engine.go:103.17,105.4 1 0
github.com/lihongjie/workflow-go/engine/engine.go:106.3,106.57 1 1
github.com/lihongjie/workflow-go/engine/engine.go:108.2,109.16 2 1
github.com/lihongjie/workflow-go/engine/engine.go:109.16,111.3 1 0
github.com/lihongjie/workflow-go/engine/engine.go:112.2,112.44 1 1
github.com/lihongjie/workflow-go/engine/engine.go:112.44,114.3 1 1
github.com/lihongjie/workflow-go/engine/engine.go:117.2,117.46 1 1
github.com/lihongjie/workflow-go/engine/engine.go:117.46,119.3 1 1
github.com/lihongjie/workflow-go/engine/engine.go:122.2,122.85 1 1
github.com/lihongjie/workflow-go/engine/engine.go:122.85,124.3 1 0
github.com/lihongjie/workflow-go/engine/engine.go:125.2,125.89 1 1
github.com/lihongjie/workflow-go/engine/engine.go:125.89,127.3 1 0
github.com/lihongjie/workflow-go/engine/engine.go:129.2,129.81 1 1
github.com/lihongjie/workflow-go/engine/engine.go:129.81,131.3 1 0
github.com/lihongjie/workflow-go/engine/engine.go:132.2,132.12 1 1
github.com/lihongjie/workflow-go/engine/engine.go:150.149,151.25 1 1
github.com/lihongjie/workflow-go/engine/engine.go:151.25,153.3 1 1
github.com/lihongjie/workflow-go/engine/engine.go:154.2,155.16 2 1
github.com/lihongjie/workflow-go/engine/engine.go:155.16,157.3 1 0
github.com/lihongjie/workflow-go/engine/engine.go:158.2,158.46 1 1
github.com/lihongjie/workflow-go/engine/engine.go:158.46,160.3 1 1
github.com/lihongjie/workflow-go/engine/engine.go:161.2,161.49 1 1
github.com/lihongjie/workflow-go/engine/engine.go:161.49,163.3 1 0
github.com/lihongjie/workflow-go/engine/engine.go:164.2,164.28 1 1
github.com/lihongjie/workflow-go/engine/engine.go:164.28,166.3 1 0
github.com/lihongjie/workflow-go/engine/engine.go:167.2,168.16 2 1
github.com/lihongjie/workflow-go/engine/engine.go:168.16,170.3 1 0
github.com/lihongjie/workflow-go/engine/engine.go:171.2,171.54 1 1
github.com/lihongjie/workflow-go/engine/engine.go:171.54,173.3 1 0
github.com/lihongjie/workflow-go/engine/engine.go:174.2,181.30 8 1
github.com/lihongjie/workflow-go/engine/engine.go:181.30,187.66 6 1
github.com/lihongjie/workflow-go/engine/engine.go:187.66,189.4 1 0
github.com/lihongjie/workflow-go/engine/engine.go:190.3,191.54 2 1
github.com/lihongjie/workflow-go/engine/engine.go:191.54,193.4 1 0
github.com/lihongjie/workflow-go/engine/engine.go:195.2,195.30 1 1
github.com/lihongjie/workflow-go/engine/engine.go:195.30,199.30 4 1
github.com/lihongjie/workflow-go/engine/engine.go:199.30,200.87 1 1
github.com/lihongjie/workflow-go/engine/engine.go:200.87,203.10 3 1
github.com/lihongjie/workflow-go/engine/engine.go:207.2,207.12 1 1
github.com/lihongjie/workflow-go/engine/engine.go:210.50,212.2 1 0
github.com/lihongjie/workflow-go/engine/engine.go:214.101,216.16 2 1
github.com/lihongjie/workflow-go/engine/engine.go:216.16,218.3 1 0
github.com/lihongjie/workflow-go/engine/engine.go:219.2,219.54 1 1
github.com/lihongjie/workflow-go/engine/engine.go:219.54,221.3 1 1
github.com/lihongjie/workflow-go/engine/engine.go:222.2,223.47 2 1
github.com/lihongjie/workflow-go/engine/engine.go:226.100,228.16 2 1
github.com/lihongjie/workflow-go/engine/engine.go:228.16,230.3 1 0
github.com/lihongjie/workflow-go/engine/engine.go:231.2,231.56 1 1
github.com/lihongjie/workflow-go/engine/engine.go:231.56,233.3 1 0
github.com/lihongjie/workflow-go/engine/engine.go:234.2,235.47 2 1
github.com/lihongjie/workflow-go/engine/engine.go:238.103,240.16 2 1
github.com/lihongjie/workflow-go/engine/engine.go:240.16,242.3 1 1
github.com/lihongjie/workflow-go/engine/engine.go:243.2,243.111 1 1
github.com/lihongjie/workflow-go/engine/engine.go:243.111,245.3 1 0
github.com/lihongjie/workflow-go/engine/engine.go:246.2,247.16 2 1
github.com/lihongjie/workflow-go/engine/engine.go:247.16,249.3 1 0
github.com/lihongjie/workflow-go/engine/engine.go:250.2,250.29 1 1
github.com/lihongjie/workflow-go/engine/engine.go:250.29,252.55 2 1
github.com/lihongjie/workflow-go/engine/engine.go:252.55,254.4 1 0
github.com/lihongjie/workflow-go/engine/engine.go:256.2,257.16 2 1
github.com/lihongjie/workflow-go/engine/engine.go:257.16,259.3 1 0
github.com/lihongjie/workflow-go/engine/engine.go:260.2,260.32 1 1
github.com/lihongjie/workflow-go/engine/engine.go:260.32,262.65 2 1
github.com/lihongjie/workflow-go/engine/engine.go:262.65,264.4 1 0
github.com/lihongjie/workflow-go/engine/engine.go:266.2,269.47 4 1
github.com/lihongjie/workflow-go/engine/engine.go:275.105,277.16 2 1
github.com/lihongjie/workflow-go/engine/engine.go:277.16,277.93 1 1
github.com/lihongjie/workflow-go/engine/engine.go:278.2,278.46 1 1
github.com/lihongjie/workflow-go/engine/engine.go:278.46,278.124 1 1
github.com/lihongjie/workflow-go/engine/engine.go:279.2,279.49 1 1
github.com/lihongjie/workflow-go/engine/engine.go:279.49,279.131 1 0
github.com/lihongjie/workflow-go/engine/engine.go:280.2,282.48 3 1
github.com/lihongjie/workflow-go/engine/engine.go:286.100,288.16 2 1
github.com/lihongjie/workflow-go/engine/engine.go:288.16,288.93 1 0
github.com/lihongjie/workflow-go/engine/engine.go:289.2,289.52 1 1
github.com/lihongjie/workflow-go/engine/engine.go:289.52,289.130 1 1
github.com/lihongjie/workflow-go/engine/engine.go:290.2,295.28 6 1
github.com/lihongjie/workflow-go/engine/engine.go:295.28,296.106 1 1
github.com/lihongjie/workflow-go/engine/engine.go:296.106,296.124 2 1
github.com/lihongjie/workflow-go/engine/engine.go:298.2,298.18 1 1
github.com/lihongjie/workflow-go/engine/engine.go:298.18,298.82 1 0
github.com/lihongjie/workflow-go/engine/engine.go:299.2,302.29 4 1
github.com/lihongjie/workflow-go/engine/engine.go:302.29,303.92 1 1
github.com/lihongjie/workflow-go/engine/engine.go:303.92,306.9 3 1
github.com/lihongjie/workflow-go/engine/engine.go:309.2,309.18 1 1
github.com/lihongjie/workflow-go/engine/engine.go:309.18,312.3 2 1
github.com/lihongjie/workflow-go/engine/engine.go:313.2,313.12 1 1
github.com/lihongjie/workflow-go/engine/engine.go:316.110,318.64 2 1
github.com/lihongjie/workflow-go/engine/engine.go:318.64,320.3 1 0
github.com/lihongjie/workflow-go/engine/engine.go:321.2,321.12 1 1
github.com/lihongjie/workflow-go/engine/engine.go:324.112,326.2 1 1
github.com/lihongjie/workflow-go/engine/engine.go:328.59,329.86 1 1
github.com/lihongjie/workflow-go/engine/engine.go:329.86,331.3 1 1
github.com/lihongjie/workflow-go/engine/engine.go:332.2,334.16 3 1
github.com/lihongjie/workflow-go/engine/engine.go:334.16,336.3 1 0
github.com/lihongjie/workflow-go/engine/engine.go:337.2,338.16 2 1
github.com/lihongjie/workflow-go/engine/engine.go:338.16,340.3 1 0
github.com/lihongjie/workflow-go/engine/engine.go:341.2,341.34 1 1
github.com/lihongjie/workflow-go/engine/engine.go:344.62,345.49 1 1
github.com/lihongjie/workflow-go/engine/engine.go:345.49,347.3 1 1
github.com/lihongjie/workflow-go/engine/engine.go:348.2,348.73 1 1
github.com/lihongjie/workflow-go/engine/engine.go:348.73,351.17 3 1
github.com/lihongjie/workflow-go/engine/engine.go:351.17,353.4 1 0
github.com/lihongjie/workflow-go/engine/engine.go:354.3,355.17 2 1
github.com/lihongjie/workflow-go/engine/engine.go:355.17,357.4 1 0
github.com/lihongjie/workflow-go/engine/engine.go:358.3,358.35 1 1
github.com/lihongjie/workflow-go/engine/engine.go:362.93,363.76 1 1
github.com/lihongjie/workflow-go/engine/engine.go:363.76,365.3 1 0
github.com/lihongjie/workflow-go/engine/engine.go:366.2,367.16 2 1
github.com/lihongjie/workflow-go/engine/engine.go:367.16,369.3 1 0
github.com/lihongjie/workflow-go/engine/engine.go:370.2,377.29 2 1
github.com/lihongjie/workflow-go/engine/engine.go:377.29,379.3 1 1
github.com/lihongjie/workflow-go/engine/engine.go:380.2,380.52 1 1
github.com/lihongjie/workflow-go/engine/engine.go:395.21,402.2 6 1
github.com/lihongjie/workflow-go/engine/event.go:13.147,14.34 1 1
github.com/lihongjie/workflow-go/engine/event.go:14.34,16.44 2 1
github.com/lihongjie/workflow-go/engine/event.go:16.44,17.12 1 1
github.com/lihongjie/workflow-go/engine/event.go:20.3,20.32 1 1
github.com/lihongjie/workflow-go/engine/event.go:20.32,29.59 3 1
github.com/lihongjie/workflow-go/engine/event.go:29.59,31.5 1 0
github.com/lihongjie/workflow-go/engine/event.go:34.3,34.33 1 1
github.com/lihongjie/workflow-go/engine/event.go:34.33,41.69 2 0
github.com/lihongjie/workflow-go/engine/event.go:41.69,43.5 1 0
github.com/lihongjie/workflow-go/engine/event.go:46.2,46.12 1 1
github.com/lihongjie/workflow-go/engine/event.go:50.170,52.54 2 1
github.com/lihongjie/workflow-go/engine/event.go:52.54,54.3 1 0
github.com/lihongjie/workflow-go/engine/event.go:56.2,56.32 1 1
github.com/lihongjie/workflow-go/engine/event.go:56.32,65.58 3 0
github.com/lihongjie/workflow-go/engine/event.go:65.58,67.4 1 0
github.com/lihongjie/workflow-go/engine/event.go:70.2,70.33 1 1
github.com/lihongjie/workflow-go/engine/event.go:70.33,77.68 2 1
github.com/lihongjie/workflow-go/engine/event.go:77.68,79.4 1 0
github.com/lihongjie/workflow-go/engine/event.go:82.2,82.12 1 1
github.com/lihongjie/workflow-go/engine/event.go:86.170,90.64 3 1
github.com/lihongjie/workflow-go/engine/event.go:90.64,92.3 1 0
github.com/lihongjie/workflow-go/engine/event.go:95.2,95.33 1 1
github.com/lihongjie/workflow-go/engine/event.go:95.33,97.17 2 1
github.com/lihongjie/workflow-go/engine/event.go:97.17,99.4 1 0
github.com/lihongjie/workflow-go/engine/event.go:100.3,100.81 1 1
github.com/lihongjie/workflow-go/engine/event.go:100.81,102.4 1 0
github.com/lihongjie/workflow-go/engine/event.go:106.2,107.24 2 1
github.com/lihongjie/workflow-go/engine/event.go:107.24,109.3 1 0
github.com/lihongjie/workflow-go/engine/event.go:110.2,110.30 1 1
github.com/lihongjie/workflow-go/engine/event.go:110.30,111.62 1 1
github.com/lihongjie/workflow-go/engine/event.go:111.62,113.4 1 0
github.com/lihongjie/workflow-go/engine/event.go:115.2,115.12 1 1
github.com/lihongjie/workflow-go/engine/event.go:119.103,121.16 2 1
github.com/lihongjie/workflow-go/engine/event.go:121.16,123.3 1 0
github.com/lihongjie/workflow-go/engine/event.go:124.2,124.27 1 1
github.com/lihongjie/workflow-go/engine/event.go:124.27,125.90 1 1
github.com/lihongjie/workflow-go/engine/event.go:125.90,127.4 1 0
github.com/lihongjie/workflow-go/engine/event.go:128.3,128.71 1 1
github.com/lihongjie/workflow-go/engine/event.go:128.71,130.4 1 0
github.com/lihongjie/workflow-go/engine/event.go:132.2,132.12 1 1
github.com/lihongjie/workflow-go/engine/event.go:137.105,139.16 2 1
github.com/lihongjie/workflow-go/engine/event.go:139.16,141.3 1 0
github.com/lihongjie/workflow-go/engine/event.go:142.2,142.54 1 1
github.com/lihongjie/workflow-go/engine/event.go:142.54,144.3 1 0
github.com/lihongjie/workflow-go/engine/event.go:146.2,147.16 2 1
github.com/lihongjie/workflow-go/engine/event.go:147.16,149.3 1 0
github.com/lihongjie/workflow-go/engine/event.go:151.2,152.9 2 1
github.com/lihongjie/workflow-go/engine/event.go:152.9,154.3 1 1
github.com/lihongjie/workflow-go/engine/event.go:157.2,157.49 1 1
github.com/lihongjie/workflow-go/engine/event.go:157.49,159.24 1 1
github.com/lihongjie/workflow-go/engine/event.go:159.24,161.18 2 1
github.com/lihongjie/workflow-go/engine/event.go:161.18,163.5 1 0
github.com/lihongjie/workflow-go/engine/event.go:164.4,164.31 1 1
github.com/lihongjie/workflow-go/engine/event.go:164.31,165.49 1 1
github.com/lihongjie/workflow-go/engine/event.go:165.49,167.58 2 1
github.com/lihongjie/workflow-go/engine/event.go:167.58,169.7 1 0
github.com/lihongjie/workflow-go/engine/event.go:173.4,174.18 2 1
github.com/lihongjie/workflow-go/engine/event.go:174.18,176.5 1 0
github.com/lihongjie/workflow-go/engine/event.go:177.4,177.34 1 1
github.com/lihongjie/workflow-go/engine/event.go:177.34,178.86 1 1
github.com/lihongjie/workflow-go/engine/event.go:178.86,180.68 2 1
github.com/lihongjie/workflow-go/engine/event.go:180.68,182.7 1 0
github.com/lihongjie/workflow-go/engine/event.go:189.2,190.16 2 1
github.com/lihongjie/workflow-go/engine/event.go:190.16,192.3 1 0
github.com/lihongjie/workflow-go/engine/event.go:193.2,193.29 1 1
github.com/lihongjie/workflow-go/engine/event.go:193.29,194.40 1 1
github.com/lihongjie/workflow-go/engine/event.go:194.40,196.56 2 1
github.com/lihongjie/workflow-go/engine/event.go:196.56,198.5 1 0
github.com/lihongjie/workflow-go/engine/event.go:203.2,205.64 3 1
github.com/lihongjie/workflow-go/engine/event.go:205.64,207.3 1 0
github.com/lihongjie/workflow-go/engine/event.go:210.2,210.58 1 1
github.com/lihongjie/workflow-go/engine/event.go:216.81,217.24 1 1
github.com/lihongjie/workflow-go/engine/event.go:217.24,219.17 2 0
github.com/lihongjie/workflow-go/engine/event.go:219.17,221.4 1 0
github.com/lihongjie/workflow-go/engine/event.go:222.3,223.17 2 0
github.com/lihongjie/workflow-go/engine/event.go:223.17,225.4 1 0
github.com/lihongjie/workflow-go/engine/event.go:228.2,228.28 1 1
github.com/lihongjie/workflow-go/engine/event.go:228.28,230.3 1 1
github.com/lihongjie/workflow-go/engine/event.go:232.2,232.25 1 0
github.com/lihongjie/workflow-go/engine/event.go:232.25,234.3 1 0
github.com/lihongjie/workflow-go/engine/event.go:236.2,236.32 1 0
github.com/lihongjie/workflow-go/engine/event.go:242.66,247.37 5 1
github.com/lihongjie/workflow-go/engine/event.go:247.37,249.27 2 1
github.com/lihongjie/workflow-go/engine/event.go:249.27,252.4 2 1
github.com/lihongjie/workflow-go/engine/event.go:252.9,252.22 1 1
github.com/lihongjie/workflow-go/engine/event.go:252.22,255.4 2 1
github.com/lihongjie/workflow-go/engine/event.go:255.9,255.22 1 1
github.com/lihongjie/workflow-go/engine/event.go:255.22,257.4 1 1
github.com/lihongjie/workflow-go/engine/event.go:257.9,257.21 1 1
github.com/lihongjie/workflow-go/engine/event.go:257.21,258.13 1 1
github.com/lihongjie/workflow-go/engine/event.go:259.13,260.36 1 1
github.com/lihongjie/workflow-go/engine/event.go:261.13,262.15 1 1
github.com/lihongjie/workflow-go/engine/event.go:262.15,264.6 1 1
github.com/lihongjie/workflow-go/engine/event.go:264.11,266.6 1 0
github.com/lihongjie/workflow-go/engine/event.go:267.13,269.43 1 1
github.com/lihongjie/workflow-go/engine/event.go:270.13,271.41 1 1
github.com/lihongjie/workflow-go/engine/event.go:273.4,274.19 2 1
github.com/lihongjie/workflow-go/engine/event.go:277.2,277.22 1 1
github.com/lihongjie/workflow-go/engine/event.go:277.22,279.3 1 1
github.com/lihongjie/workflow-go/engine/event.go:280.2,280.33 1 1
github.com/lihongjie/workflow-go/engine/gateway.go:17.188,20.16 2 1
github.com/lihongjie/workflow-go/engine/gateway.go:20.16,22.3 1 0
github.com/lihongjie/workflow-go/engine/gateway.go:25.2,26.30 2 1
github.com/lihongjie/workflow-go/engine/gateway.go:26.30,27.24 1 1
github.com/lihongjie/workflow-go/engine/gateway.go:27.24,29.18 2 1
github.com/lihongjie/workflow-go/engine/gateway.go:29.18,31.5 1 0
github.com/lihongjie/workflow-go/engine/gateway.go:32.4,32.15 1 1
github.com/lihongjie/workflow-go/engine/gateway.go:32.15,34.10 2 1
github.com/lihongjie/workflow-go/engine/gateway.go:40.2,40.50 1 1
github.com/lihongjie/workflow-go/engine/gateway.go:40.50,41.31 1 1
github.com/lihongjie/workflow-go/engine/gateway.go:41.31,42.33 1 1
github.com/lihongjie/workflow-go/engine/gateway.go:42.33,44.10 2 1
github.com/lihongjie/workflow-go/engine/gateway.go:49.2,49.24 1 1
github.com/lihongjie/workflow-go/engine/gateway.go:49.24,51.3 1 0
github.com/lihongjie/workflow-go/engine/gateway.go:54.2,55.16 2 1
github.com/lihongjie/workflow-go/engine/gateway.go:55.16,57.3 1 0
github.com/lihongjie/workflow-go/engine/gateway.go:58.2,58.29 1 1
github.com/lihongjie/workflow-go/engine/gateway.go:58.29,59.36 1 1
github.com/lihongjie/workflow-go/engine/gateway.go:59.36,61.56 2 1
github.com/lihongjie/workflow-go/engine/gateway.go:61.56,63.5 1 0
github.com/lihongjie/workflow-go/engine/gateway.go:67.2,67.54 1 1
github.com/lihongjie/workflow-go/engine/gateway.go:75.204,83.27 3 1
github.com/lihongjie/workflow-go/engine/gateway.go:83.27,86.17 3 1
github.com/lihongjie/workflow-go/engine/gateway.go:86.17,88.4 1 0
github.com/lihongjie/workflow-go/engine/gateway.go:90.3,93.78 3 1
github.com/lihongjie/workflow-go/engine/gateway.go:93.78,95.4 1 0
github.com/lihongjie/workflow-go/engine/gateway.go:97.3,97.39 1 1
github.com/lihongjie/workflow-go/engine/gateway.go:97.39,99.4 1 1
github.com/lihongjie/workflow-go/engine/gateway.go:102.3,103.17 2 1
github.com/lihongjie/workflow-go/engine/gateway.go:103.17,105.4 1 0
github.com/lihongjie/workflow-go/engine/gateway.go:106.3,106.30 1 1
github.com/lihongjie/workflow-go/engine/gateway.go:106.30,107.41 1 1
github.com/lihongjie/workflow-go/engine/gateway.go:107.41,109.57 2 1
github.com/lihongjie/workflow-go/engine/gateway.go:109.57,111.6 1 0
github.com/lihongjie/workflow-go/engine/gateway.go:115.3,115.72 1 1
github.com/lihongjie/workflow-go/engine/gateway.go:115.72,117.4 1 0
github.com/lihongjie/workflow-go/engine/gateway.go:118.8,121.17 2 1
github.com/lihongjie/workflow-go/engine/gateway.go:121.17,123.4 1 0
github.com/lihongjie/workflow-go/engine/gateway.go:124.3,124.30 1 1
github.com/lihongjie/workflow-go/engine/gateway.go:124.30,125.41 1 1
github.com/lihongjie/workflow-go/engine/gateway.go:125.41,127.57 2 1
github.com/lihongjie/workflow-go/engine/gateway.go:127.57,129.6 1 0
github.com/lihongjie/workflow-go/engine/gateway.go:136.2,136.24 1 1
github.com/lihongjie/workflow-go/engine/gateway.go:136.24,138.3 1 0
github.com/lihongjie/workflow-go/engine/gateway.go:140.2,140.30 1 1
github.com/lihongjie/workflow-go/engine/gateway.go:140.30,141.62 1 1
github.com/lihongjie/workflow-go/engine/gateway.go:141.62,143.4 1 0
github.com/lihongjie/workflow-go/engine/gateway.go:145.2,145.12 1 1
github.com/lihongjie/workflow-go/engine/gateway.go:151.188,155.16 2 1
github.com/lihongjie/workflow-go/engine/gateway.go:155.16,157.3 1 0
github.com/lihongjie/workflow-go/engine/gateway.go:158.2,158.29 1 1
github.com/lihongjie/workflow-go/engine/gateway.go:158.29,159.36 1 1
github.com/lihongjie/workflow-go/engine/gateway.go:159.36,161.56 2 1
github.com/lihongjie/workflow-go/engine/gateway.go:161.56,163.5 1 0
github.com/lihongjie/workflow-go/engine/gateway.go:167.2,168.16 2 1
github.com/lihongjie/workflow-go/engine/gateway.go:168.16,170.3 1 0
github.com/lihongjie/workflow-go/engine/gateway.go:172.2,175.30 2 1
github.com/lihongjie/workflow-go/engine/gateway.go:175.30,176.24 1 1
github.com/lihongjie/workflow-go/engine/gateway.go:176.24,178.18 2 1
github.com/lihongjie/workflow-go/engine/gateway.go:178.18,180.5 1 0
github.com/lihongjie/workflow-go/engine/gateway.go:181.4,181.15 1 1
github.com/lihongjie/workflow-go/engine/gateway.go:181.15,183.5 1 1
github.com/lihongjie/workflow-go/engine/gateway.go:184.9,187.4 1 1
github.com/lihongjie/workflow-go/engine/gateway.go:191.2,191.25 1 1
github.com/lihongjie/workflow-go/engine/gateway.go:191.25,192.29 1 1
github.com/lihongjie/workflow-go/engine/gateway.go:192.29,193.32 1 0
github.com/lihongjie/workflow-go/engine/gateway.go:193.32,194.34 1 0
github.com/lihongjie/workflow-go/engine/gateway.go:194.34,196.11 2 0
github.com/lihongjie/workflow-go/engine/gateway.go:202.2,202.25 1 1
github.com/lihongjie/workflow-go/engine/gateway.go:202.25,204.3 1 1
github.com/lihongjie/workflow-go/engine/gateway.go:206.2,206.31 1 1
github.com/lihongjie/workflow-go/engine/gateway.go:206.31,207.62 1 1
github.com/lihongjie/workflow-go/engine/gateway.go:207.62,209.4 1 0
github.com/lihongjie/workflow-go/engine/gateway.go:211.2,211.12 1 1
github.com/lihongjie/workflow-go/engine/gateway.go:215.85,217.16 2 1
github.com/lihongjie/workflow-go/engine/gateway.go:217.16,219.3 1 0
github.com/lihongjie/workflow-go/engine/gateway.go:220.2,220.30 1 1
github.com/lihongjie/workflow-go/engine/gateway.go:226.93,228.30 2 1
github.com/lihongjie/workflow-go/engine/gateway.go:228.30,230.71 2 1
github.com/lihongjie/workflow-go/engine/gateway.go:230.71,231.12 1 1
github.com/lihongjie/workflow-go/engine/gateway.go:233.3,233.10 1 1
github.com/lihongjie/workflow-go/engine/gateway.go:235.2,235.16 1 1
github.com/lihongjie/workflow-go/engine/gateway.go:235.16,237.3 1 0
github.com/lihongjie/workflow-go/engine/gateway.go:238.2,238.14 1 1
github.com/lihongjie/workflow-go/engine/jump_urge.go:13.102,15.16 2 1
github.com/lihongjie/workflow-go/engine/jump_urge.go:15.16,17.3 1 0
github.com/lihongjie/workflow-go/engine/jump_urge.go:18.2,18.46 1 1
github.com/lihongjie/workflow-go/engine/jump_urge.go:18.46,20.3 1 0
github.com/lihongjie/workflow-go/engine/jump_urge.go:21.2,21.49 1 1
github.com/lihongjie/workflow-go/engine/jump_urge.go:21.49,23.3 1 0
github.com/lihongjie/workflow-go/engine/jump_urge.go:25.2,26.16 2 1
github.com/lihongjie/workflow-go/engine/jump_urge.go:26.16,28.3 1 0
github.com/lihongjie/workflow-go/engine/jump_urge.go:29.2,30.16 2 1
github.com/lihongjie/workflow-go/engine/jump_urge.go:30.16,32.3 1 0
github.com/lihongjie/workflow-go/engine/jump_urge.go:33.2,33.46 1 1
github.com/lihongjie/workflow-go/engine/jump_urge.go:33.46,35.3 1 0
github.com/lihongjie/workflow-go/engine/jump_urge.go:38.2,39.64 2 1
github.com/lihongjie/workflow-go/engine/jump_urge.go:39.64,41.3 1 0
github.com/lihongjie/workflow-go/engine/jump_urge.go:44.2,45.16 2 1
github.com/lihongjie/workflow-go/engine/jump_urge.go:45.16,47.3 1 0
github.com/lihongjie/workflow-go/engine/jump_urge.go:48.2,48.29 1 1
github.com/lihongjie/workflow-go/engine/jump_urge.go:48.29,49.86 1 1
github.com/lihongjie/workflow-go/engine/jump_urge.go:49.86,51.56 2 1
github.com/lihongjie/workflow-go/engine/jump_urge.go:51.56,53.5 1 0
github.com/lihongjie/workflow-go/engine/jump_urge.go:54.4,54.9 1 1
github.com/lihongjie/workflow-go/engine/jump_urge.go:59.2,60.21 2 1
github.com/lihongjie/workflow-go/engine/jump_urge.go:60.21,62.3 1 0
github.com/lihongjie/workflow-go/engine/jump_urge.go:64.2,65.57 2 1
github.com/lihongjie/workflow-go/engine/jump_urge.go:65.57,67.3 1 0
github.com/lihongjie/workflow-go/engine/jump_urge.go:70.2,70.52 1 1
github.com/lihongjie/workflow-go/engine/jump_urge.go:70.52,74.3 2 1
github.com/lihongjie/workflow-go/engine/jump_urge.go:77.2,77.52 1 1
github.com/lihongjie/workflow-go/engine/jump_urge.go:77.52,79.46 2 1
github.com/lihongjie/workflow-go/engine/jump_urge.go:79.46,82.4 2 1
github.com/lihongjie/workflow-go/engine/jump_urge.go:83.3,83.68 1 1
github.com/lihongjie/workflow-go/engine/jump_urge.go:83.68,83.125 1 0
github.com/lihongjie/workflow-go/engine/jump_urge.go:86.2,87.12 2 1
github.com/lihongjie/workflow-go/engine/jump_urge.go:92.111,94.16 2 1
github.com/lihongjie/workflow-go/engine/jump_urge.go:94.16,96.3 1 0
github.com/lihongjie/workflow-go/engine/jump_urge.go:97.2,97.46 1 1
github.com/lihongjie/workflow-go/engine/jump_urge.go:97.46,99.3 1 0
github.com/lihongjie/workflow-go/engine/jump_urge.go:101.2,107.25 7 1
github.com/lihongjie/workflow-go/engine/jump_urge.go:112.93,114.16 2 1
github.com/lihongjie/workflow-go/engine/jump_urge.go:114.16,116.3 1 0
github.com/lihongjie/workflow-go/engine/jump_urge.go:118.2,126.12 3 1
github.com/lihongjie/workflow-go/engine/listener.go:33.62,34.32 1 1
github.com/lihongjie/workflow-go/engine/listener.go:34.32,36.3 1 1
github.com/lihongjie/workflow-go/engine/listener.go:40.52,41.32 1 0
github.com/lihongjie/workflow-go/engine/listener.go:41.32,43.3 1 0
github.com/lihongjie/workflow-go/engine/multi_instance.go:15.150,17.15 2 1
github.com/lihongjie/workflow-go/engine/multi_instance.go:17.15,19.3 1 0
github.com/lihongjie/workflow-go/engine/multi_instance.go:21.2,23.16 3 1
github.com/lihongjie/workflow-go/engine/multi_instance.go:23.16,25.3 1 0
github.com/lihongjie/workflow-go/engine/multi_instance.go:28.2,29.16 2 1
github.com/lihongjie/workflow-go/engine/multi_instance.go:29.16,31.3 1 0
github.com/lihongjie/workflow-go/engine/multi_instance.go:33.2,33.16 1 1
github.com/lihongjie/workflow-go/engine/multi_instance.go:33.16,36.3 1 1
github.com/lihongjie/workflow-go/engine/multi_instance.go:39.2,45.89 3 1
github.com/lihongjie/workflow-go/engine/multi_instance.go:45.89,47.3 1 0
github.com/lihongjie/workflow-go/engine/multi_instance.go:48.2,48.81 1 1
github.com/lihongjie/workflow-go/engine/multi_instance.go:48.81,50.3 1 0
github.com/lihongjie/workflow-go/engine/multi_instance.go:51.2,51.95 1 1
github.com/lihongjie/workflow-go/engine/multi_instance.go:51.95,53.3 1 0
github.com/lihongjie/workflow-go/engine/multi_instance.go:54.2,54.87 1 1
github.com/lihongjie/workflow-go/engine/multi_instance.go:54.87,56.3 1 0
github.com/lihongjie/workflow-go/engine/multi_instance.go:57.2,57.102 1 1
github.com/lihongjie/workflow-go/engine/multi_instance.go:57.102,59.3 1 0
github.com/lihongjie/workflow-go/engine/multi_instance.go:60.2,60.94 1 1
github.com/lihongjie/workflow-go/engine/multi_instance.go:60.94,62.3 1 0
github.com/lihongjie/workflow-go/engine/multi_instance.go:64.2,64.21 1 1
github.com/lihongjie/workflow-go/engine/multi_instance.go:64.21,66.3 1 1
github.com/lihongjie/workflow-go/engine/multi_instance.go:67.2,67.73 1 1
github.com/lihongjie/workflow-go/engine/multi_instance.go:71.188,72.29 1 1
github.com/lihongjie/workflow-go/engine/multi_instance.go:72.29,74.55 2 1
github.com/lihongjie/workflow-go/engine/multi_instance.go:74.55,76.4 1 0
github.com/lihongjie/workflow-go/engine/multi_instance.go:78.3,82.24 4 1
github.com/lihongjie/workflow-go/engine/multi_instance.go:82.24,84.4 1 1
github.com/lihongjie/workflow-go/engine/multi_instance.go:85.3,85.65 1 1
github.com/lihongjie/workflow-go/engine/multi_instance.go:85.65,87.4 1 0
github.com/lihongjie/workflow-go/engine/multi_instance.go:90.3,90.69 1 1
github.com/lihongjie/workflow-go/engine/multi_instance.go:90.69,91.108 1 1
github.com/lihongjie/workflow-go/engine/multi_instance.go:91.108,93.5 1 0
github.com/lihongjie/workflow-go/engine/multi_instance.go:96.2,96.12 1 1
github.com/lihongjie/workflow-go/engine/multi_instance.go:100.196,102.54 2 1
github.com/lihongjie/workflow-go/engine/multi_instance.go:102.54,104.3 1 0
github.com/lihongjie/workflow-go/engine/multi_instance.go:106.2,110.23 4 1
github.com/lihongjie/workflow-go/engine/multi_instance.go:110.23,112.3 1 0
github.com/lihongjie/workflow-go/engine/multi_instance.go:113.2,113.64 1 1
github.com/lihongjie/workflow-go/engine/multi_instance.go:113.64,115.3 1 0
github.com/lihongjie/workflow-go/engine/multi_instance.go:118.2,118.72 1 1
github.com/lihongjie/workflow-go/engine/multi_instance.go:118.72,119.111 1 1
github.com/lihongjie/workflow-go/engine/multi_instance.go:119.111,121.4 1 0
github.com/lihongjie/workflow-go/engine/multi_instance.go:125.2,125.100 1 1
github.com/lihongjie/workflow-go/engine/multi_instance.go:125.100,127.3 1 0
github.com/lihongjie/workflow-go/engine/multi_instance.go:128.2,128.100 1 1
github.com/lihongjie/workflow-go/engine/multi_instance.go:128.100,130.3 1 0
github.com/lihongjie/workflow-go/engine/multi_instance.go:132.2,132.12 1 1
github.com/lihongjie/workflow-go/engine/multi_instance.go:137.138,139.18 2 1
github.com/lihongjie/workflow-go/engine/multi_instance.go:139.18,141.3 1 0
github.com/lihongjie/workflow-go/engine/multi_instance.go:143.2,144.16 2 1
github.com/lihongjie/workflow-go/engine/multi_instance.go:144.16,146.3 1 0
github.com/lihongjie/workflow-go/engine/multi_instance.go:149.2,154.103 5 1
github.com/lihongjie/workflow-go/engine/multi_instance.go:154.103,156.3 1 0
github.com/lihongjie/workflow-go/engine/multi_instance.go:157.2,157.95 1 1
github.com/lihongjie/workflow-go/engine/multi_instance.go:157.95,159.3 1 0
github.com/lihongjie/workflow-go/engine/multi_instance.go:160.2,160.97 1 1
github.com/lihongjie/workflow-go/engine/multi_instance.go:160.97,162.3 1 0
github.com/lihongjie/workflow-go/engine/multi_instance.go:163.2,163.89 1 1
github.com/lihongjie/workflow-go/engine/multi_instance.go:163.89,165.3 1 0
github.com/lihongjie/workflow-go/engine/multi_instance.go:168.2,169.16 2 1
github.com/lihongjie/workflow-go/engine/multi_instance.go:169.16,171.3 1 0
github.com/lihongjie/workflow-go/engine/multi_instance.go:172.2,173.42 2 1
github.com/lihongjie/workflow-go/engine/multi_instance.go:173.42,175.3 1 0
github.com/lihongjie/workflow-go/engine/multi_instance.go:178.2,178.54 1 1
github.com/lihongjie/workflow-go/engine/multi_instance.go:178.54,180.17 2 1
github.com/lihongjie/workflow-go/engine/multi_instance.go:180.17,182.4 1 0
github.com/lihongjie/workflow-go/engine/multi_instance.go:183.3,184.28 2 1
github.com/lihongjie/workflow-go/engine/multi_instance.go:184.28,187.4 2 1
github.com/lihongjie/workflow-go/engine/multi_instance.go:191.2,191.41 1 1
github.com/lihongjie/workflow-go/engine/multi_instance.go:191.41,196.32 4 1
github.com/lihongjie/workflow-go/engine/multi_instance.go:196.32,198.111 2 1
github.com/lihongjie/workflow-go/engine/multi_instance.go:198.111,200.5 1 0
github.com/lihongjie/workflow-go/engine/multi_instance.go:201.4,201.21 1 1
github.com/lihongjie/workflow-go/engine/multi_instance.go:206.2,206.74 1 1
github.com/lihongjie/workflow-go/engine/multi_instance.go:206.74,208.3 1 1
github.com/lihongjie/workflow-go/engine/multi_instance.go:210.2,210.19 1 1
github.com/lihongjie/workflow-go/engine/multi_instance.go:214.87,215.25 1 1
github.com/lihongjie/workflow-go/engine/multi_instance.go:215.25,217.10 2 1
github.com/lihongjie/workflow-go/engine/multi_instance.go:217.10,219.4 1 0
github.com/lihongjie/workflow-go/engine/multi_instance.go:220.3,221.10 2 1
github.com/lihongjie/workflow-go/engine/multi_instance.go:221.10,223.4 1 0
github.com/lihongjie/workflow-go/engine/multi_instance.go:224.3,224.24 1 1
github.com/lihongjie/workflow-go/engine/multi_instance.go:227.2,227.30 1 0
github.com/lihongjie/workflow-go/engine/multi_instance.go:227.30,230.17 2 0
github.com/lihongjie/workflow-go/engine/multi_instance.go:230.17,232.4 1 0
github.com/lihongjie/workflow-go/engine/multi_instance.go:233.3,234.17 2 0
github.com/lihongjie/workflow-go/engine/multi_instance.go:234.17,236.4 1 0
github.com/lihongjie/workflow-go/engine/multi_instance.go:237.3,237.12 1 0
github.com/lihongjie/workflow-go/engine/multi_instance.go:237.12,239.4 1 0
github.com/lihongjie/workflow-go/engine/multi_instance.go:240.3,240.21 1 0
github.com/lihongjie/workflow-go/engine/multi_instance.go:243.2,243.15 1 0
github.com/lihongjie/workflow-go/engine/multi_instance.go:246.86,247.25 1 1
github.com/lihongjie/workflow-go/engine/multi_instance.go:247.25,249.3 1 0
github.com/lihongjie/workflow-go/engine/multi_instance.go:250.2,251.9 2 1
github.com/lihongjie/workflow-go/engine/multi_instance.go:251.9,253.3 1 0
github.com/lihongjie/workflow-go/engine/multi_instance.go:254.2,255.9 2 1
github.com/lihongjie/workflow-go/engine/multi_instance.go:255.9,257.3 1 0
github.com/lihongjie/workflow-go/engine/multi_instance.go:258.2,258.13 1 1
github.com/lihongjie/workflow-go/engine/multi_instance.go:261.64,262.58 1 1
github.com/lihongjie/workflow-go/engine/multi_instance.go:262.58,264.3 1 1
github.com/lihongjie/workflow-go/engine/multi_instance.go:265.2,265.10 1 0
github.com/lihongjie/workflow-go/engine/navigator.go:20.117,26.64 4 1
github.com/lihongjie/workflow-go/engine/navigator.go:26.64,28.3 1 0
github.com/lihongjie/workflow-go/engine/navigator.go:30.2,30.44 1 1
github.com/lihongjie/workflow-go/engine/navigator.go:35.104,37.16 2 1
github.com/lihongjie/workflow-go/engine/navigator.go:37.16,39.3 1 0
github.com/lihongjie/workflow-go/engine/navigator.go:40.2,40.54 1 1
github.com/lihongjie/workflow-go/engine/navigator.go:40.54,42.3 1 0
github.com/lihongjie/workflow-go/engine/navigator.go:44.2,45.16 2 1
github.com/lihongjie/workflow-go/engine/navigator.go:45.16,47.3 1 0
github.com/lihongjie/workflow-go/engine/navigator.go:49.2,50.9 2 1
github.com/lihongjie/workflow-go/engine/navigator.go:50.9,52.3 1 0
github.com/lihongjie/workflow-go/engine/navigator.go:54.2,56.33 2 1
github.com/lihongjie/workflow-go/engine/navigator.go:57.34,58.60 1 1
github.com/lihongjie/workflow-go/engine/navigator.go:60.32,61.52 1 1
github.com/lihongjie/workflow-go/engine/navigator.go:63.32,66.44 2 1
github.com/lihongjie/workflow-go/engine/navigator.go:66.44,69.18 2 1
github.com/lihongjie/workflow-go/engine/navigator.go:69.18,71.5 1 0
github.com/lihongjie/workflow-go/engine/navigator.go:72.4,72.31 1 1
github.com/lihongjie/workflow-go/engine/navigator.go:72.31,73.48 1 1
github.com/lihongjie/workflow-go/engine/navigator.go:73.48,75.58 2 1
github.com/lihongjie/workflow-go/engine/navigator.go:75.58,77.7 1 0
github.com/lihongjie/workflow-go/engine/navigator.go:78.6,78.11 1 1
github.com/lihongjie/workflow-go/engine/navigator.go:82.4,84.18 3 1
github.com/lihongjie/workflow-go/engine/navigator.go:84.18,86.5 1 0
github.com/lihongjie/workflow-go/engine/navigator.go:87.4,87.33 1 1
github.com/lihongjie/workflow-go/engine/navigator.go:87.33,88.117 1 1
github.com/lihongjie/workflow-go/engine/navigator.go:88.117,90.6 1 1
github.com/lihongjie/workflow-go/engine/navigator.go:92.4,92.26 1 1
github.com/lihongjie/workflow-go/engine/navigator.go:92.26,94.19 2 1
github.com/lihongjie/workflow-go/engine/navigator.go:94.19,96.6 1 0
github.com/lihongjie/workflow-go/engine/navigator.go:97.5,97.13 1 1
github.com/lihongjie/workflow-go/engine/navigator.go:97.13,101.36 2 1
github.com/lihongjie/workflow-go/engine/navigator.go:101.36,102.50 1 1
github.com/lihongjie/workflow-go/engine/navigator.go:102.50,105.8 2 1
github.com/lihongjie/workflow-go/engine/navigator.go:107.6,107.63 1 1
github.com/lihongjie/workflow-go/engine/navigator.go:109.5,109.15 1 1
github.com/lihongjie/workflow-go/engine/navigator.go:111.4,111.61 1 0
github.com/lihongjie/workflow-go/engine/navigator.go:113.3,113.60 1 1
github.com/lihongjie/workflow-go/engine/navigator.go:115.35,116.60 1 1
github.com/lihongjie/workflow-go/engine/navigator.go:118.40,119.98 1 1
github.com/lihongjie/workflow-go/engine/navigator.go:121.39,122.113 1 1
github.com/lihongjie/workflow-go/engine/navigator.go:124.40,125.98 1 1
github.com/lihongjie/workflow-go/engine/navigator.go:127.117,128.60 1 1
github.com/lihongjie/workflow-go/engine/navigator.go:130.36,131.60 1 1
github.com/lihongjie/workflow-go/engine/navigator.go:133.10,134.80 1 0
github.com/lihongjie/workflow-go/engine/navigator.go:140.173,141.21 1 1
github.com/lihongjie/workflow-go/engine/navigator.go:141.21,143.3 1 0
github.com/lihongjie/workflow-go/engine/navigator.go:148.2,150.16 3 1
github.com/lihongjie/workflow-go/engine/navigator.go:150.16,152.3 1 0
github.com/lihongjie/workflow-go/engine/navigator.go:153.2,153.29 1 1
github.com/lihongjie/workflow-go/engine/navigator.go:153.29,154.39 1 1
github.com/lihongjie/workflow-go/engine/navigator.go:154.39,156.56 2 1
github.com/lihongjie/workflow-go/engine/navigator.go:156.56,158.5 1 0
github.com/lihongjie/workflow-go/engine/navigator.go:159.4,159.9 1 1
github.com/lihongjie/workflow-go/engine/navigator.go:163.2,163.27 1 1
github.com/lihongjie/workflow-go/engine/navigator.go:163.27,164.62 1 1
github.com/lihongjie/workflow-go/engine/navigator.go:164.62,166.4 1 1
github.com/lihongjie/workflow-go/engine/navigator.go:168.2,168.12 1 1
github.com/lihongjie/workflow-go/engine/navigator.go:173.147,175.9 2 1
github.com/lihongjie/workflow-go/engine/navigator.go:175.9,177.3 1 0
github.com/lihongjie/workflow-go/engine/navigator.go:179.2,179.33 1 1
github.com/lihongjie/workflow-go/engine/navigator.go:180.32,182.84 1 1
github.com/lihongjie/workflow-go/engine/navigator.go:182.84,184.4 1 1
github.com/lihongjie/workflow-go/engine/navigator.go:185.3,186.55 2 1
github.com/lihongjie/workflow-go/engine/navigator.go:186.55,188.4 1 0
github.com/lihongjie/workflow-go/engine/navigator.go:189.3,190.51 2 1
github.com/lihongjie/workflow-go/engine/navigator.go:190.51,194.4 2 1
github.com/lihongjie/workflow-go/engine/navigator.go:195.3,195.65 1 1
github.com/lihongjie/workflow-go/engine/navigator.go:195.65,197.4 1 0
github.com/lihongjie/workflow-go/engine/navigator.go:199.3,199.85 1 1
github.com/lihongjie/workflow-go/engine/navigator.go:199.85,201.4 1 0
github.com/lihongjie/workflow-go/engine/navigator.go:202.3,202.13 1 1
github.com/lihongjie/workflow-go/engine/navigator.go:204.35,206.55 2 1
github.com/lihongjie/workflow-go/engine/navigator.go:206.55,208.4 1 0
github.com/lihongjie/workflow-go/engine/navigator.go:209.3,211.65 3 1
github.com/lihongjie/workflow-go/engine/navigator.go:211.65,213.4 1 0
github.com/lihongjie/workflow-go/engine/navigator.go:214.3,215.55 2 1
github.com/lihongjie/workflow-go/engine/navigator.go:215.55,217.4 1 0
github.com/lihongjie/workflow-go/engine/navigator.go:218.3,218.59 1 1
github.com/lihongjie/workflow-go/engine/navigator.go:220.32,223.65 3 1
github.com/lihongjie/workflow-go/engine/navigator.go:223.65,225.4 1 0
github.com/lihongjie/workflow-go/engine/navigator.go:226.3,226.59 1 1
github.com/lihongjie/workflow-go/engine/navigator.go:228.107,230.55 2 1
github.com/lihongjie/workflow-go/engine/navigator.go:230.55,232.4 1 0
github.com/lihongjie/workflow-go/engine/navigator.go:233.3,233.59 1 1
github.com/lihongjie/workflow-go/engine/navigator.go:235.46,237.59 2 1
github.com/lihongjie/workflow-go/engine/navigator.go:239.46,241.59 2 1
github.com/lihongjie/workflow-go/engine/navigator.go:243.37,244.98 1 0
github.com/lihongjie/workflow-go/engine/navigator.go:246.36,248.48 2 1
github.com/lihongjie/workflow-go/engine/navigator.go:250.10,251.89 1 0
github.com/lihongjie/workflow-go/engine/navigator.go:257.111,260.16 2 1
github.com/lihongjie/workflow-go/engine/navigator.go:260.16,262.3 1 0
github.com/lihongjie/workflow-go/engine/navigator.go:263.2,263.29 1 1
github.com/lihongjie/workflow-go/engine/navigator.go:263.29,264.40 1 1
github.com/lihongjie/workflow-go/engine/navigator.go:264.40,266.56 2 1
github.com/lihongjie/workflow-go/engine/navigator.go:266.56,268.5 1 0
github.com/lihongjie/workflow-go/engine/navigator.go:272.2,272.33 1 1
github.com/lihongjie/workflow-go/engine/navigator.go:277.92,279.16 2 1
github.com/lihongjie/workflow-go/engine/navigator.go:279.16,281.3 1 0
github.com/lihongjie/workflow-go/engine/navigator.go:282.2,282.22 1 1
github.com/lihongjie/workflow-go/engine/navigator.go:282.22,286.64 4 1
github.com/lihongjie/workflow-go/engine/navigator.go:286.64,288.4 1 0
github.com/lihongjie/workflow-go/engine/navigator.go:289.3,289.42 1 1
github.com/lihongjie/workflow-go/engine/navigator.go:291.2,291.12 1 1
github.com/lihongjie/workflow-go/engine/reclaim.go:14.90,16.16 2 1
github.com/lihongjie/workflow-go/engine/reclaim.go:16.16,18.3 1 0
github.com/lihongjie/workflow-go/engine/reclaim.go:19.2,19.46 1 1
github.com/lihongjie/workflow-go/engine/reclaim.go:19.46,21.3 1 0
github.com/lihongjie/workflow-go/engine/reclaim.go:23.2,24.16 2 1
github.com/lihongjie/workflow-go/engine/reclaim.go:24.16,26.3 1 0
github.com/lihongjie/workflow-go/engine/reclaim.go:28.2,29.16 2 1
github.com/lihongjie/workflow-go/engine/reclaim.go:29.16,31.3 1 0
github.com/lihongjie/workflow-go/engine/reclaim.go:34.2,38.41 3 1
github.com/lihongjie/workflow-go/engine/reclaim.go:38.41,40.82 2 1
github.com/lihongjie/workflow-go/engine/reclaim.go:40.82,42.9 2 1
github.com/lihongjie/workflow-go/engine/reclaim.go:45.2,45.26 1 1
github.com/lihongjie/workflow-go/engine/reclaim.go:45.26,47.3 1 0
github.com/lihongjie/workflow-go/engine/reclaim.go:50.2,55.29 4 1
github.com/lihongjie/workflow-go/engine/reclaim.go:55.29,56.86 1 1
github.com/lihongjie/workflow-go/engine/reclaim.go:56.86,59.9 3 1
github.com/lihongjie/workflow-go/engine/reclaim.go:64.2,69.65 4 1
github.com/lihongjie/workflow-go/engine/reclaim.go:69.65,72.3 2 1
github.com/lihongjie/workflow-go/engine/reclaim.go:73.2,76.12 3 1
github.com/lihongjie/workflow-go/engine/reject.go:23.149,25.16 2 1
github.com/lihongjie/workflow-go/engine/reject.go:25.16,27.3 1 0
github.com/lihongjie/workflow-go/engine/reject.go:28.2,28.46 1 1
github.com/lihongjie/workflow-go/engine/reject.go:28.46,30.3 1 1
github.com/lihongjie/workflow-go/engine/reject.go:31.2,31.49 1 1
github.com/lihongjie/workflow-go/engine/reject.go:31.49,33.3 1 0
github.com/lihongjie/workflow-go/engine/reject.go:35.2,36.16 2 1
github.com/lihongjie/workflow-go/engine/reject.go:36.16,38.3 1 0
github.com/lihongjie/workflow-go/engine/reject.go:39.2,39.54 1 1
github.com/lihongjie/workflow-go/engine/reject.go:39.54,41.3 1 0
github.com/lihongjie/workflow-go/engine/reject.go:43.2,44.16 2 1
github.com/lihongjie/workflow-go/engine/reject.go:44.16,46.3 1 0
github.com/lihongjie/workflow-go/engine/reject.go:48.2,50.16 3 1
github.com/lihongjie/workflow-go/engine/reject.go:50.16,52.3 1 0
github.com/lihongjie/workflow-go/engine/reject.go:53.2,55.59 3 1
github.com/lihongjie/workflow-go/engine/reject.go:55.59,57.3 1 1
[...]
github.com/lihongjie/workflow-go/engine/reject.go:151.3,151.29 1 1
github.com/lihongjie/workflow-go/engine/reject.go:152.33,153.23 1 1
github.com/lihongjie/workflow-go/engine/reject.go:154.108,155.78 1 1
github.com/lihongjie/workflow-go/engine/reject.go:155.78,157.5 1 1
github.com/lihongjie/workflow-go/engine/reject.go:158.35,159.23 1 0
github.com/lihongjie/workflow-go/engine/reject.go:160.116,161.78 1 0
github.com/lihongjie/workflow-go/engine/reject.go:161.78,163.5 1 0
github.com/lihongjie/workflow-go/engine/reject.go:164.11,165.78 1 0
github.com/lihongjie/workflow-go/engine/reject.go:165.78,167.5 1 0
github.com/lihongjie/workflow-go/engine/reject.go:170.2,170.11 1 0
github.com/lihongjie/workflow-go/engine/reject.go:173.60,174.50 1 1
github.com/lihongjie/workflow-go/engine/reject.go:174.50,176.3 1 0
github.com/lihongjie/workflow-go/engine/reject.go:177.2,178.24 2 1
github.com/lihongjie/workflow-go/engine/reject.go:178.24,180.3 1 0
github.com/lihongjie/workflow-go/engine/reject.go:181.2,181.84 1 1
github.com/lihongjie/workflow-go/engine/reject.go:184.110,185.24 1 1
github.com/lihongjie/workflow-go/engine/reject.go:185.24,187.3 1 0
github.com/lihongjie/workflow-go/engine/reject.go:188.2,190.15 3 1
github.com/lihongjie/workflow-go/engine/reject.go:190.15,192.3 1 0
github.com/lihongjie/workflow-go/engine/reject.go:193.2,193.46 1 1
github.com/lihongjie/workflow-go/engine/reject.go:193.46,195.3 1 1
github.com/lihongjie/workflow-go/engine/reject.go:196.2,197.30 2 0
github.com/lihongjie/workflow-go/engine/reject.go:197.30,198.81 1 0
github.com/lihongjie/workflow-go/engine/reject.go:198.81,200.4 1 0
github.com/lihongjie/workflow-go/engine/reject.go:202.2,202.11 1 0
github.com/lihongjie/workflow-go/engine/reject.go:205.31,206.14 1 1
github.com/lihongjie/workflow-go/engine/reject.go:206.14,208.3 1 1
github.com/lihongjie/workflow-go/engine/reject.go:209.2,209.23 1 1
github.com/lihongjie/workflow-go/engine/reject.go:210.15,211.11 1 1
github.com/lihongjie/workflow-go/engine/reject.go:212.11,213.20 1 0
github.com/lihongjie/workflow-go/engine/reject.go:214.13,215.20 1 0
github.com/lihongjie/workflow-go/engine/reject.go:216.10,217.11 1 0
github.com/lihongjie/workflow-go/engine/timeout.go:14.73,19.16 3 1
github.com/lihongjie/workflow-go/engine/timeout.go:19.16,21.3 1 0
github.com/lihongjie/workflow-go/engine/timeout.go:23.2,23.27 1 1
github.com/lihongjie/workflow-go/engine/timeout.go:23.27,25.17 2 1
github.com/lihongjie/workflow-go/engine/timeout.go:25.17,26.12 1 0
github.com/lihongjie/workflow-go/engine/timeout.go:28.3,28.32 1 1
github.com/lihongjie/workflow-go/engine/timeout.go:28.32,29.56 1 1
github.com/lihongjie/workflow-go/engine/timeout.go:29.56,30.13 1 0
github.com/lihongjie/workflow-go/engine/timeout.go:32.4,33.18 2 1
github.com/lihongjie/workflow-go/engine/timeout.go:33.18,34.13 1 0
github.com/lihongjie/workflow-go/engine/timeout.go:36.4,36.34 1 1
github.com/lihongjie/workflow-go/engine/timeout.go:36.34,37.49 1 1
github.com/lihongjie/workflow-go/engine/timeout.go:37.49,38.14 1 0
github.com/lihongjie/workflow-go/engine/timeout.go:40.5,40.41 1 1
github.com/lihongjie/workflow-go/engine/timeout.go:40.41,41.26 1 1
github.com/lihongjie/workflow-go/engine/timeout.go:41.26,43.57 1 1
github.com/lihongjie/workflow-go/engine/timeout.go:43.57,45.8 1 0
github.com/lihongjie/workflow-go/engine/timeout.go:46.7,46.14 1 1
github.com/lihongjie/workflow-go/engine/timeout.go:47.12,47.33 1 0
github.com/lihongjie/workflow-go/engine/timeout.go:47.33,49.55 1 0
github.com/lihongjie/workflow-go/engine/timeout.go:49.55,51.8 1 0
github.com/lihongjie/workflow-go/engine/timeout.go:52.7,52.14 1 0
github.com/lihongjie/workflow-go/engine/timeout.go:58.2,58.19 1 1
github.com/lihongjie/workflow-go/engine/timeout.go:62.100,64.2 1 1
github.com/lihongjie/workflow-go/engine/timeout.go:67.98,69.2 1 0
github.com/lihongjie/workflow-go/engine/timeout.go:73.128,75.16 2 1
github.com/lihongjie/workflow-go/engine/timeout.go:75.16,77.3 1 0
github.com/lihongjie/workflow-go/engine/timeout.go:78.2,78.46 1 1
github.com/lihongjie/workflow-go/engine/timeout.go:78.46,80.3 1 1
github.com/lihongjie/workflow-go/engine/timeout.go:81.2,84.48 4 1
github.com/lihongjie/workflow-go/storage/sqlstore/sql_store.go:29.26,30.24 1 1
github.com/lihongjie/workflow-go/storage/sqlstore/sql_store.go:30.24,33.17 3 1
github.com/lihongjie/workflow-go/storage/sqlstore/sql_store.go:33.17,34.72 1 0
github.com/lihongjie/workflow-go/storage/sqlstore/sql_store.go:40.37,41.24 1 1
github.com/lihongjie/workflow-go/storage/sqlstore/sql_store.go:41.24,44.17 3 1
github.com/lihongjie/workflow-go/storage/sqlstore/sql_store.go:44.17,45.74 1 0
github.com/lihongjie/workflow-go/storage/sqlstore/sql_store.go:52.33,54.20 2 1
github.com/lihongjie/workflow-go/storage/sqlstore/sql_store.go:54.20,56.3 1 0
github.com/lihongjie/workflow-go/storage/sqlstore/sql_store.go:57.2,57.27 1 1
github.com/lihongjie/workflow-go/storage/sqlstore/sql_store.go:57.27,59.3 1 1
github.com/lihongjie/workflow-go/storage/sqlstore/sql_store.go:60.2,60.33 1 1
github.com/lihongjie/workflow-go/storage/sqlstore/sql_store.go:60.33,61.55 1 0
github.com/lihongjie/workflow-go/storage/sqlstore/sql_store.go:63.2,63.10 1 1
github.com/lihongjie/workflow-go/storage/sqlstore/sql_store.go:67.31,69.2 1 1
github.com/lihongjie/workflow-go/storage/sqlstore/sql_store.go:71.30,151.2 3 1
github.com/lihongjie/workflow-go/storage/sqlstore/sql_store.go:155.97,157.16 2 1
github.com/lihongjie/workflow-go/storage/sqlstore/sql_store.go:157.16,159.3 1 0
github.com/lihongjie/workflow-go/storage/sqlstore/sql_store.go:160.2,163.16 2 1
github.com/lihongjie/workflow-go/storage/sqlstore/sql_store.go:163.16,165.3 1 0
github.com/lihongjie/workflow-go/storage/sqlstore/sql_store.go:166.2,166.12 1 1
github.com/lihongjie/workflow-go/storage/sqlstore/sql_store.go:169.103,172.26 3 1
github.com/lihongjie/workflow-go/storage/sqlstore/sql_store.go:172.26,174.3 1 1
github.com/lihongjie/workflow-go/storage/sqlstore/sql_store.go:175.2,175.16 1 1
github.com/lihongjie/workflow-go/storage/sqlstore/sql_store.go:175.16,177.3 1 0
github.com/lihongjie/workflow-go/storage/sqlstore/sql_store.go:178.2,178.43 1 1
github.com/lihongjie/workflow-go/storage/sqlstore/sql_store.go:181.129,185.26 3 1
github.com/lihongjie/workflow-go/storage/sqlstore/sql_store.go:185.26,187.3 1 0
github.com/lihongjie/workflow-go/storage/sqlstore/sql_store.go:188.2,188.16 1 1
github.com/lihongjie/workflow-go/storage/sqlstore/sql_store.go:188.16,190.3 1 0
github.com/lihongjie/workflow-go/storage/sqlstore/sql_store.go:191.2,191.43 1 1
github.com/lihongjie/workflow-go/storage/sqlstore/sql_store.go:194.96,196.16 2 1
github.com/lihongjie/workflow-go/storage/sqlstore/sql_store.go:196.16,198.3 1 0
github.com/lihongjie/workflow-go/storage/sqlstore/sql_store.go:199.2,202.18 3 1
github.com/lihongjie/workflow-go/storage/sqlstore/sql_store.go:202.18,204.42 2 1
github.com/lihongjie/workflow-go/storage/sqlstore/sql_store.go:204.42,206.4 1 0
github.com/lihongjie/workflow-go/storage/sqlstore/sql_store.go:207.3,208.17 2 1
github.com/lihongjie/workflow-go/storage/sqlstore/sql_store.go:208.17,210.4 1 0
github.com/lihongjie/workflow-go/storage/sqlstore/sql_store.go:211.3,211.31 1 1
github.com/lihongjie/workflow-go/storage/sqlstore/sql_store.go:213.2,213.27 1 1
github.com/lihongjie/workflow-go/storage/sqlstore/sql_store.go:216.79,218.16 2 1
github.com/lihongjie/workflow-go/storage/sqlstore/sql_store.go:218.16,220.3 1 0
github.com/lihongjie/workflow-go/storage/sqlstore/sql_store.go:221.2,222.12 2 1
github.com/lihongjie/workflow-go/storage/sqlstore/sql_store.go:222.12,224.3 1 0
github.com/lihongjie/workflow-go/storage/sqlstore/sql_store.go:225.2,225.12 1 1
github.com/lihongjie/workflow-go/storage/sqlstore/sql_store.go:230.96,232.16 2 1
github.com/lihongjie/workflow-go/storage/sqlstore/sql_store.go:232.16,234.3 1 0
github.com/lihongjie/workflow-go/storage/sqlstore/sql_store.go:235.2,238.16 2 1
github.com/lihongjie/workflow-go/storage/sqlstore/sql_store.go:238.16,240.3 1 0
github.com/lihongjie/workflow-go/storage/sqlstore/sql_store.go:241.2,241.12 1 1
github.com/lihongjie/workflow-go/storage/sqlstore/sql_store.go:244.96,246.16 2 1
github.com/lihongjie/workflow-go/storage/sqlstore/sql_store.go:246.16,248.3 1 0
github.com/lihongjie/workflow-go/storage/sqlstore/sql_store.go:249.2,252.16 2 1
github.com/lihongjie/workflow-go/storage/sqlstore/sql_store.go:252.16,254.3 1 0
github.com/lihongjie/workflow-go/storage/sqlstore/sql_store.go:255.2,256.12 2 1
github.com/lihongjie/workflow-go/storage/sqlstore/sql_store.go:256.12,258.3 1 0
github.com/lihongjie/workflow-go/storage/sqlstore/sql_store.go:259.2,259.12 1 1
github.com/lihongjie/workflow-go/storage/sqlstore/sql_store.go:262.103,271.26 3 1
github.com/lihongjie/workflow-go/storage/sqlstore/sql_store.go:271.26,273.3 1 1
github.com/lihongjie/workflow-go/storage/sqlstore/sql_store.go:274.2,274.16 1 1
github.com/lihongjie/workflow-go/storage/sqlstore/sql_store.go:274.16,276.3 1 0
github.com/lihongjie/workflow-go/storage/sqlstore/sql_store.go:278.2,279.20 2 1
github.com/lihongjie/workflow-go/storage/sqlstore/sql_store.go:279.20,280.65 1 1
github.com/lihongjie/workflow-go/storage/sqlstore/sql_store.go:280.65,282.4 1 0
github.com/lihongjie/workflow-go/storage/sqlstore/sql_store.go:285.2,294.8 1 1
github.com/lihongjie/workflow-go/storage/sqlstore/sql_store.go:297.110,300.16 2 1
github.com/lihongjie/workflow-go/storage/sqlstore/sql_store.go:300.16,302.3 1 0
github.com/lihongjie/workflow-go/storage/sqlstore/sql_store.go:303.2,305.35 2 1
github.com/lihongjie/workflow-go/storage/sqlstore/sql_store.go:310.98,314.16 2 1
github.com/lihongjie/workflow-go/storage/sqlstore/sql_store.go:314.16,316.3 1 0
github.com/lihongjie/workflow-go/storage/sqlstore/sql_store.go:317.2,317.12 1 1
github.com/lihongjie/workflow-go/storage/sqlstore/sql_store.go:320.98,324.16 2 1
github.com/lihongjie/workflow-go/storage/sqlstore/sql_store.go:324.16,326.3 1 0
github.com/lihongjie/workflow-go/storage/sqlstore/sql_store.go:327.2,328.12 2 1
github.com/lihongjie/workflow-go/storage/sqlstore/sql_store.go:328.12,330.3 1 0
github.com/lihongjie/workflow-go/storage/sqlstore/sql_store.go:331.2,331.12 1 1
github.com/lihongjie/workflow-go/storage/sqlstore/sql_store.go:334.105,348.26 3 1
github.com/lihongjie/workflow-go/storage/sqlstore/sql_store.go:348.26,350.3 1 0
github.com/lihongjie/workflow-go/storage/sqlstore/sql_store.go:351.2,351.16 1 1
github.com/lihongjie/workflow-go/storage/sqlstore/sql_store.go:351.16,353.3 1 0
github.com/lihongjie/workflow-go/storage/sqlstore/sql_store.go:355.2,369.8 1 1
github.com/lihongjie/workflow-go/storage/sqlstore/sql_store.go:372.123,376.16 2 1
github.com/lihongjie/workflow-go/storage/sqlstore/sql_store.go:376.16,378.3 1 0
github.com/lihongjie/workflow-go/storage/sqlstore/sql_store.go:379.2,380.36 2 1
github.com/lihongjie/workflow-go/storage/sqlstore/sql_store.go:383.134,387.16 2 1
github.com/lihongjie/workflow-go/storage/sqlstore/sql_store.go:387.16,389.3 1 0
github.com/lihongjie/workflow-go/storage/sqlstore/sql_store.go:390.2,391.36 2 1
github.com/lihongjie/workflow-go/storage/sqlstore/sql_store.go:394.133,398.16 2 1
github.com/lihongjie/workflow-go/storage/sqlstore/sql_store.go:398.16,400.3 1 0
github.com/lihongjie/workflow-go/storage/sqlstore/sql_store.go:401.2,402.36 2 1
github.com/lihongjie/workflow-go/storage/sqlstore/sql_store.go:407.75,411.16 2 1
github.com/lihongjie/workflow-go/storage/sqlstore/sql_store.go:411.16,413.3 1 0
github.com/lihongjie/workflow-go/storage/sqlstore/sql_store.go:414.2,414.12 1 1
github.com/lihongjie/workflow-go/storage/sqlstore/sql_store.go:417.75,421.16 2 1
github.com/lihongjie/workflow-go/storage/sqlstore/sql_store.go:421.16,423.3 1 0
github.com/lihongjie/workflow-go/storage/sqlstore/sql_store.go:424.2,425.12 2 1
github.com/lihongjie/workflow-go/storage/sqlstore/sql_store.go:425.12,427.3 1 0
github.com/lihongjie/workflow-go/storage/sqlstore/sql_store.go:428.2,428.12 1 1
github.com/lihongjie/workflow-go/storage/sqlstore/sql_store.go:431.83,439.26 3 1
github.com/lihongjie/workflow-go/storage/sqlstore/sql_store.go:439.26,441.3 1 1
github.com/lihongjie/workflow-go/storage/sqlstore/sql_store.go:442.2,442.16 1 1
github.com/lihongjie/workflow-go/storage/sqlstore/sql_store.go:442.16,444.3 1 0
github.com/lihongjie/workflow-go/storage/sqlstore/sql_store.go:446.2,452.8 1 1
github.com/lihongjie/workflow-go/storage/sqlstore/sql_store.go:455.108,459.16 2 1
github.com/lihongjie/workflow-go/storage/sqlstore/sql_store.go:459.16,461.3 1 0
github.com/lihongjie/workflow-go/storage/sqlstore/sql_store.go:462.2,463.25 2 1
github.com/lihongjie/workflow-go/storage/sqlstore/sql_store.go:466.67,468.16 2 1
github.com/lihongjie/workflow-go/storage/sqlstore/sql_store.go:468.16,470.3 1 0
github.com/lihongjie/workflow-go/storage/sqlstore/sql_store.go:471.2,472.12 2 1
github.com/lihongjie/workflow-go/storage/sqlstore/sql_store.go:472.12,474.3 1 0
github.com/lihongjie/workflow-go/storage/sqlstore/sql_store.go:475.2,475.12 1 1
github.com/lihongjie/workflow-go/storage/sqlstore/sql_store.go:480.99,482.16 2 1
github.com/lihongjie/workflow-go/storage/sqlstore/sql_store.go:482.16,484.3 1 0
github.com/lihongjie/workflow-go/storage/sqlstore/sql_store.go:485.2,488.12 2 1
github.com/lihongjie/workflow-go/storage/sqlstore/sql_store.go:491.95,496.26 3 1
github.com/lihongjie/workflow-go/storage/sqlstore/sql_store.go:496.26,498.3 1 1
github.com/lihongjie/workflow-go/storage/sqlstore/sql_store.go:499.2,499.16 1 1
github.com/lihongjie/workflow-go/storage/sqlstore/sql_store.go:499.16,501.3 1 0
github.com/lihongjie/workflow-go/storage/sqlstore/sql_store.go:503.2,504.62 2 1
github.com/lihongjie/workflow-go/storage/sqlstore/sql_store.go:504.62,506.3 1 0
github.com/lihongjie/workflow-go/storage/sqlstore/sql_store.go:507.2,507.17 1 1
github.com/lihongjie/workflow-go/storage/sqlstore/sql_store.go:510.104,513.16 2 1
github.com/lihongjie/workflow-go/storage/sqlstore/sql_store.go:513.16,515.3 1 0
github.com/lihongjie/workflow-go/storage/sqlstore/sql_store.go:516.2,519.18 3 1
github.com/lihongjie/workflow-go/storage/sqlstore/sql_store.go:519.18,521.52 2 1
github.com/lihongjie/workflow-go/storage/sqlstore/sql_store.go:521.52,523.4 1 0
github.com/lihongjie/workflow-go/storage/sqlstore/sql_store.go:524.3,525.63 2 1
github.com/lihongjie/workflow-go/storage/sqlstore/sql_store.go:525.63,527.4 1 0
github.com/lihongjie/workflow-go/storage/sqlstore/sql_store.go:528.3,528.21 1 1
github.com/lihongjie/workflow-go/storage/sqlstore/sql_store.go:530.2,530.27 1 1
github.com/lihongjie/workflow-go/storage/sqlstore/sql_store.go:533.91,536.16 2 1
github.com/lihongjie/workflow-go/storage/sqlstore/sql_store.go:536.16,538.3 1 0
github.com/lihongjie/workflow-go/storage/sqlstore/sql_store.go:539.2,540.12 2 1
github.com/lihongjie/workflow-go/storage/sqlstore/sql_store.go:540.12,542.3 1 0
github.com/lihongjie/workflow-go/storage/sqlstore/sql_store.go:543.2,543.12 1 1
github.com/lihongjie/workflow-go/storage/sqlstore/sql_store.go:550.115,552.16 2 1
github.com/lihongjie/workflow-go/storage/sqlstore/sql_store.go:552.16,554.3 1 0
github.com/lihongjie/workflow-go/storage/sqlstore/sql_store.go:555.2,558.12 2 1
github.com/lihongjie/workflow-go/storage/sqlstore/sql_store.go:561.140,565.16 2 1
github.com/lihongjie/workflow-go/storage/sqlstore/sql_store.go:565.16,567.3 1 0
github.com/lihongjie/workflow-go/storage/sqlstore/sql_store.go:568.2,570.18 3 1
github.com/lihongjie/workflow-go/storage/sqlstore/sql_store.go:570.18,573.101 3 1
github.com/lihongjie/workflow-go/storage/sqlstore/sql_store.go:573.101,575.4 1 0
github.com/lihongjie/workflow-go/storage/sqlstore/sql_store.go:576.3,577.20 2 1
github.com/lihongjie/workflow-go/storage/sqlstore/sql_store.go:577.20,579.4 1 1
github.com/lihongjie/workflow-go/storage/sqlstore/sql_store.go:580.3,584.5 1 1
github.com/lihongjie/workflow-go/storage/sqlstore/sql_store.go:586.2,586.27 1 1
github.com/lihongjie/workflow-go/storage/sqlstore/sql_store.go:591.115,594.26 3 1
github.com/lihongjie/workflow-go/storage/sqlstore/sql_store.go:594.26,596.3 1 1
github.com/lihongjie/workflow-go/storage/sqlstore/sql_store.go:597.2,597.16 1 1
github.com/lihongjie/workflow-go/storage/sqlstore/sql_store.go:597.16,599.3 1 0
github.com/lihongjie/workflow-go/storage/sqlstore/sql_store.go:600.2,600.43 1 1
github.com/lihongjie/workflow-go/storage/sqlstore/sql_store.go:605.116,608.16 2 1
github.com/lihongjie/workflow-go/storage/sqlstore/sql_store.go:608.16,610.3 1 0
github.com/lihongjie/workflow-go/storage/sqlstore/sql_store.go:611.2,612.35 2 1
github.com/lihongjie/workflow-go/storage/sqlstore/sql_store.go:617.78,619.2 1 1
github.com/lihongjie/workflow-go/storage/sqlstore/sql_store.go:621.81,623.51 2 1
github.com/lihongjie/workflow-go/storage/sqlstore/sql_store.go:623.51,625.3 1 0
github.com/lihongjie/workflow-go/storage/sqlstore/sql_store.go:626.2,626.18 1 1
github.com/lihongjie/workflow-go/storage/sqlstore/sql_store.go:629.80,631.18 2 1
github.com/lihongjie/workflow-go/storage/sqlstore/sql_store.go:631.18,637.119 2 1
github.com/lihongjie/workflow-go/storage/sqlstore/sql_store.go:637.119,639.4 1 0
github.com/lihongjie/workflow-go/storage/sqlstore/sql_store.go:640.3,641.21 2 1
github.com/lihongjie/workflow-go/storage/sqlstore/sql_store.go:641.21,642.66 1 1
github.com/lihongjie/workflow-go/storage/sqlstore/sql_store.go:642.66,644.5 1 0
github.com/lihongjie/workflow-go/storage/sqlstore/sql_store.go:646.3,655.5 1 1
github.com/lihongjie/workflow-go/storage/sqlstore/sql_store.go:657.2,657.27 1 1
github.com/lihongjie/workflow-go/storage/sqlstore/sql_store.go:660.82,662.18 2 1
github.com/lihongjie/workflow-go/storage/sqlstore/sql_store.go:662.18,670.194 2 1
github.com/lihongjie/workflow-go/storage/sqlstore/sql_store.go:670.194,672.4 1 0
github.com/lihongjie/workflow-go/storage/sqlstore/sql_store.go:673.3,687.5 1 1
github.com/lihongjie/workflow-go/storage/sqlstore/sql_store.go:689.2,689.27 1 1
github.com/lihongjie/workflow-go/storage/sqlstore/sql_store.go:692.60,694.18 2 1
github.com/lihongjie/workflow-go/storage/sqlstore/sql_store.go:694.18,699.79 2 1
github.com/lihongjie/workflow-go/storage/sqlstore/sql_store.go:699.79,701.4 1 0
github.com/lihongjie/workflow-go/storage/sqlstore/sql_store.go:702.3,708.5 1 1
github.com/lihongjie/workflow-go/storage/sqlstore/sql_store.go:710.2,710.27 1 1
github.com/lihongjie/workflow-go/storage/sqlstore/sql_store.go:717.83,720.2 2 1
github.com/lihongjie/workflow-go/storage/sqlstore/sql_store.go:722.83,725.2 2 1
github.com/lihongjie/workflow-go/storage/sqlstore/sql_store.go:726.103,728.16 2 1
github.com/lihongjie/workflow-go/storage/sqlstore/sql_store.go:728.16,730.3 1 0
github.com/lihongjie/workflow-go/storage/sqlstore/sql_store.go:731.2,733.18 3 1
github.com/lihongjie/workflow-go/storage/sqlstore/sql_store.go:733.18,735.98 2 1
github.com/lihongjie/workflow-go/storage/sqlstore/sql_store.go:735.98,737.4 1 0
github.com/lihongjie/workflow-go/storage/sqlstore/sql_store.go:738.3,738.30 1 1
github.com/lihongjie/workflow-go/storage/sqlstore/sql_store.go:740.2,740.27 1 1
github.com/lihongjie/workflow-go/storage/sqlstore/sql_store.go:743.70,746.2 2 1
github.com/lihongjie/workflow-go/storage/sqlstore/sql_store.go:748.96,751.2 2 1
github.com/lihongjie/workflow-go/storage/sqlstore/sql_store.go:755.103,758.2 2 1
github.com/lihongjie/workflow-go/storage/sqlstore/sql_store.go:760.120,762.16 2 1
github.com/lihongjie/workflow-go/storage/sqlstore/sql_store.go:762.16,764.3 1 0
github.com/lihongjie/workflow-go/storage/sqlstore/sql_store.go:765.2,767.18 3 1
github.com/lihongjie/workflow-go/storage/sqlstore/sql_store.go:767.18,769.100 2 1
github.com/lihongjie/workflow-go/storage/sqlstore/sql_store.go:769.100,771.4 1 0
github.com/lihongjie/workflow-go/storage/sqlstore/sql_store.go:772.3,772.32 1 1
github.com/lihongjie/workflow-go/storage/sqlstore/sql_store.go:774.2,774.27 1 1
github.com/lihongjie/workflow-go/storage/sqlstore/sql_store.go:777.80,780.2 2 1
github.com/lihongjie/workflow-go/storage/sqlstore/sql_store.go:782.100,785.2 2 1
